2023-10-15 04:06:15,894 [INFO] Activator:176 - 


2023-10-15 04:06:15,895 [INFO] Activator:177 - !SESSION log4j initialized
2023-10-15 04:06:18,098 [INFO] LogOutputStream:77 - [STDOUT_REDIRECT] 
2023-10-15 04:06:30,144 [INFO] ApplicationProperties:184 - Using Application install path: /opt/st/stm32cubeide_1.13.2/plugins/com.st.stm32cube.common.mx_6.9.2.202309101412
2023-10-15 04:06:30,161 [INFO] DbMcusXml:78 - Set database path to: /opt/st/stm32cubeide_1.13.2/plugins/com.st.stm32cube.common.mx_6.9.2.202309101412//db//mcu/
2023-10-15 04:06:30,162 [INFO] ApiDb:274 - Set plugin database path to: /opt/st/stm32cubeide_1.13.2/plugins/com.st.stm32cube.common.mx_6.9.2.202309101412//db//plugins/boardmanager/
2023-10-15 04:06:30,162 [WARN] ApiDb:259 - Overriding images path with different value:  => /opt/st/stm32cubeide_1.13.2/plugins/com.st.stm32cube.common.mx_6.9.2.202309101412//db//plugins/mcufinder/images/
2023-10-15 04:06:30,170 [INFO] ApiDb:250 - Set database path to: /home/ahmed-ferganey/.stmcufinder/plugins/mcufinder//mcu/
2023-10-15 04:06:30,171 [INFO] DbMcusAds:125 - Set database path to: /home/ahmed-ferganey/.stmcufinder/plugins/mcufinder//mcu/
2023-10-15 04:06:30,173 [INFO] CrossReferenceDbSqlite:203 - Set database path to: /home/ahmed-ferganey/.stmcufinder/plugins/mcufinder//mcu/cs/
2023-10-15 04:06:30,287 [INFO] RulesReader:64 - Compatibility file has been processed (293 Rules)
2023-10-15 04:06:30,349 [INFO] DbMcusXml:78 - Set database path to: /opt/st/stm32cubeide_1.13.2/plugins/com.st.stm32cube.common.mx_6.9.2.202309101412//db//mcu/
2023-10-15 04:06:30,349 [INFO] ApiDb:274 - Set plugin database path to: /opt/st/stm32cubeide_1.13.2/plugins/com.st.stm32cube.common.mx_6.9.2.202309101412//db//plugins/boardmanager/
2023-10-15 04:06:30,350 [INFO] ApiDb:261 - Set plugin images path to: /opt/st/stm32cubeide_1.13.2/plugins/com.st.stm32cube.common.mx_6.9.2.202309101412//db//plugins/mcufinder/images/
2023-10-15 04:06:30,350 [WARN] DbFile:41 - Overriding database path with different value: /home/ahmed-ferganey/.stmcufinder/plugins/mcufinder/ => /home/ahmed-ferganey/.stmcufinder/plugins/mcufinder
2023-10-15 04:06:30,350 [INFO] ApiDb:250 - Set database path to: /home/ahmed-ferganey/.stmcufinder/plugins/mcufinder//mcu/
2023-10-15 04:06:30,350 [WARN] DbFile:41 - Overriding database path with different value: /home/ahmed-ferganey/.stmcufinder/plugins/mcufinder/ => /home/ahmed-ferganey/.stmcufinder/plugins/mcufinder
2023-10-15 04:06:30,350 [INFO] DbMcusAds:125 - Set database path to: /home/ahmed-ferganey/.stmcufinder/plugins/mcufinder//mcu/
2023-10-15 04:06:30,350 [WARN] DbFile:41 - Overriding database path with different value: /home/ahmed-ferganey/.stmcufinder/plugins/mcufinder/ => /home/ahmed-ferganey/.stmcufinder/plugins/mcufinder
2023-10-15 04:06:30,351 [WARN] DbFile:41 - Overriding database path with different value: /home/ahmed-ferganey/.stmcufinder/plugins/mcufinder/ => /home/ahmed-ferganey/.stmcufinder/plugins/mcufinder
2023-10-15 04:06:30,351 [INFO] CrossReferenceDbSqlite:203 - Set database path to: /home/ahmed-ferganey/.stmcufinder/plugins/mcufinder//mcu/cs/
2023-10-15 04:06:30,414 [INFO] MainPanel:262 - HeapMemory: 268435456
2023-10-15 04:06:30,480 [INFO] DbMcusXml:78 - Set database path to: /opt/st/stm32cubeide_1.13.2/plugins/com.st.stm32cube.common.mx_6.9.2.202309101412//db//mcu/
2023-10-15 04:06:30,480 [INFO] ApiDb:274 - Set plugin database path to: /opt/st/stm32cubeide_1.13.2/plugins/com.st.stm32cube.common.mx_6.9.2.202309101412//db//plugins/boardmanager/
2023-10-15 04:06:30,481 [INFO] ApiDb:261 - Set plugin images path to: /opt/st/stm32cubeide_1.13.2/plugins/com.st.stm32cube.common.mx_6.9.2.202309101412//db//plugins/mcufinder/images/
2023-10-15 04:06:30,481 [WARN] DbFile:41 - Overriding database path with different value: /home/ahmed-ferganey/.stmcufinder/plugins/mcufinder/ => /home/ahmed-ferganey/.stmcufinder/plugins/mcufinder
2023-10-15 04:06:30,481 [INFO] ApiDb:250 - Set database path to: /home/ahmed-ferganey/.stmcufinder/plugins/mcufinder//mcu/
2023-10-15 04:06:30,481 [WARN] DbFile:41 - Overriding database path with different value: /home/ahmed-ferganey/.stmcufinder/plugins/mcufinder/ => /home/ahmed-ferganey/.stmcufinder/plugins/mcufinder
2023-10-15 04:06:30,481 [INFO] DbMcusAds:125 - Set database path to: /home/ahmed-ferganey/.stmcufinder/plugins/mcufinder//mcu/
2023-10-15 04:06:30,481 [WARN] DbFile:41 - Overriding database path with different value: /home/ahmed-ferganey/.stmcufinder/plugins/mcufinder/ => /home/ahmed-ferganey/.stmcufinder/plugins/mcufinder
2023-10-15 04:06:30,481 [WARN] DbFile:41 - Overriding database path with different value: /home/ahmed-ferganey/.stmcufinder/plugins/mcufinder/ => /home/ahmed-ferganey/.stmcufinder/plugins/mcufinder
2023-10-15 04:06:30,481 [INFO] CrossReferenceDbSqlite:203 - Set database path to: /home/ahmed-ferganey/.stmcufinder/plugins/mcufinder//mcu/cs/
2023-10-15 04:06:30,493 [INFO] ApplicationProperties:184 - Using Application install path: /opt/st/stm32cubeide_1.13.2/plugins/com.st.stm32cube.common.mx_6.9.2.202309101412
2023-10-15 04:06:30,494 [INFO] PluginManage:196 - Search for loadable plugins [exclusion list=, ]
2023-10-15 04:06:30,495 [INFO] PluginManage:310 - Check plugin analytics
2023-10-15 04:06:30,619 [INFO] AnalyticsPlugin:253 - Accepted Software Licenses: STM32CubeMX.6.9.2
2023-10-15 04:06:30,620 [INFO] AnalyticsPlugin:255 - Accepted CMSIS Pack Licenses: 
2023-10-15 04:06:30,620 [INFO] AnalyticsPlugin:257 - Accepted Firmware Licenses: 
2023-10-15 04:06:30,621 [INFO] PluginManage:359 - Loaded plugin analytics (category:tool,tabindex:-1)
2023-10-15 04:06:30,622 [INFO] PluginManage:310 - Check plugin cadmodel
2023-10-15 04:06:30,641 [INFO] CADModel:105 - Init CAD model plugin
2023-10-15 04:06:30,642 [INFO] PluginManage:359 - Loaded plugin cadmodel (category:power,tabindex:5)
2023-10-15 04:06:30,642 [INFO] PluginManage:310 - Check plugin clock
2023-10-15 04:06:30,648 [INFO] PluginManage:359 - Loaded plugin clock (category:base,tabindex:2)
2023-10-15 04:06:30,648 [INFO] PluginManage:310 - Check plugin ddr
2023-10-15 04:06:30,649 [INFO] PluginManage:359 - Loaded plugin ddr (category:tool,tabindex:6)
2023-10-15 04:06:30,649 [INFO] PluginManage:310 - Check plugin filemanager
2023-10-15 04:06:30,741 [INFO] PluginManage:359 - Loaded plugin filemanager (category:base,tabindex:10)
2023-10-15 04:06:30,741 [INFO] PluginManage:310 - Check plugin ipmanager
2023-10-15 04:06:30,745 [INFO] PluginManage:359 - Loaded plugin ipmanager (category:base,tabindex:5)
2023-10-15 04:06:30,745 [INFO] PluginManage:310 - Check plugin lpbam
2023-10-15 04:06:30,751 [INFO] PluginManage:359 - Loaded plugin lpbam (category:base,tabindex:0)
2023-10-15 04:06:30,751 [INFO] PluginManage:310 - Check plugin memorymap
2023-10-15 04:06:30,759 [INFO] PluginManage:359 - Loaded plugin memorymap (category:base,tabindex:4)
2023-10-15 04:06:30,759 [INFO] PluginManage:310 - Check plugin pinoutandconfiguration
2023-10-15 04:06:30,765 [INFO] PluginManage:359 - Loaded plugin pinoutandconfiguration (category:base,tabindex:1)
2023-10-15 04:06:30,765 [INFO] PluginManage:310 - Check plugin pinoutconfig
2023-10-15 04:06:30,823 [WARN] SupportedApi:132 - Cannot load RTOS API schema: s4s-elt-must-match.1: The content of 'definitions' must match (annotation?, (simpleType | complexType)?, (unique | key | keyref)*)). A problem was found starting at: attribute.
2023-10-15 04:06:30,917 [INFO] PluginManage:359 - Loaded plugin pinoutconfig (category:base,tabindex:0)
2023-10-15 04:06:30,917 [INFO] PluginManage:310 - Check plugin power
2023-10-15 04:06:30,922 [INFO] PluginManage:359 - Loaded plugin power (category:power,tabindex:4)
2023-10-15 04:06:30,922 [INFO] PluginManage:310 - Check plugin projectmanager
2023-10-15 04:06:30,933 [INFO] PluginManage:359 - Loaded plugin projectmanager (category:projectmanager,tabindex:3)
2023-10-15 04:06:30,934 [INFO] PluginManage:310 - Check plugin thirdparty
2023-10-15 04:06:31,026 [WARN] IntegrityCheckThread:84 - waiting for thirdparty lock release [integrity check]
2023-10-15 04:06:31,026 [INFO] PluginManage:359 - Loaded plugin thirdparty (category:base,tabindex:-1)
2023-10-15 04:06:31,026 [INFO] IntegrityCheckThread:86 - entering critical section [integrity check]
2023-10-15 04:06:31,026 [INFO] PluginManage:310 - Check plugin tools
2023-10-15 04:06:31,027 [INFO] ThirdPartyUpdaterWithRetryManager:70 - Updater plugin not ready yet. [1/15]
2023-10-15 04:06:31,028 [INFO] PluginManage:359 - Loaded plugin tools (category:base,tabindex:7)
2023-10-15 04:06:31,028 [INFO] PluginManage:310 - Check plugin tutovideos
2023-10-15 04:06:31,147 [INFO] PluginManage:359 - Loaded plugin tutovideos (category:base,tabindex:-1)
2023-10-15 04:06:31,147 [INFO] PluginManage:310 - Check plugin updater
2023-10-15 04:06:31,155 [INFO] PluginManage:359 - Loaded plugin updater (category:base,tabindex:12)
2023-10-15 04:06:31,156 [INFO] PluginManage:310 - Check plugin userauth
2023-10-15 04:06:31,160 [INFO] UserAuth:113 - Init User Auth plugin
2023-10-15 04:06:31,160 [INFO] PluginManage:359 - Loaded plugin userauth (category:base,tabindex:14)
2023-10-15 04:06:31,160 [INFO] PluginManage:283 - PluginManage : Loaded plugins [17]
2023-10-15 04:06:31,302 [INFO] PinOutPanel:1499 - setPackage(No Configuration,No Configuration)
2023-10-15 04:06:31,375 [INFO] CADModel:165 - CPN selected for project level
2023-10-15 04:06:31,375 [INFO] CADModel:114 - Register for checkConnection events
2023-10-15 04:06:31,386 [INFO] IPUIPlugin:80 - create IPUIPlugin
2023-10-15 04:06:31,386 [INFO] PluginManager:220 - loadIPPluginJar : add sai
2023-10-15 04:06:31,387 [INFO] IPUIPlugin:80 - create IPUIPlugin
2023-10-15 04:06:31,387 [INFO] PluginManager:220 - loadIPPluginJar : add i2s
2023-10-15 04:06:31,389 [INFO] IPUIPlugin:80 - create IPUIPlugin
2023-10-15 04:06:31,389 [INFO] PluginManager:220 - loadIPPluginJar : add i3c
2023-10-15 04:06:31,393 [INFO] IPUIPlugin:80 - create IPUIPlugin
2023-10-15 04:06:31,393 [INFO] PluginManager:220 - loadIPPluginJar : add linkedlist
2023-10-15 04:06:31,397 [INFO] IPUIPlugin:80 - create IPUIPlugin
2023-10-15 04:06:31,398 [INFO] PluginManager:220 - loadIPPluginJar : add stm32_wpan
2023-10-15 04:06:31,399 [INFO] IPUIPlugin:80 - create IPUIPlugin
2023-10-15 04:06:31,399 [INFO] PluginManager:220 - loadIPPluginJar : add gtzc
2023-10-15 04:06:31,401 [INFO] IPUIPlugin:80 - create IPUIPlugin
2023-10-15 04:06:31,401 [INFO] PluginManager:220 - loadIPPluginJar : add touchsensing
2023-10-15 04:06:31,403 [INFO] IPUIPlugin:80 - create IPUIPlugin
2023-10-15 04:06:31,403 [INFO] PluginManager:220 - loadIPPluginJar : add opamp
2023-10-15 04:06:31,403 [INFO] IPUIPlugin:80 - create IPUIPlugin
2023-10-15 04:06:31,404 [INFO] PluginManager:220 - loadIPPluginJar : add ltdc
2023-10-15 04:06:31,404 [INFO] IPUIPlugin:80 - create IPUIPlugin
2023-10-15 04:06:31,405 [INFO] PluginManager:220 - loadIPPluginJar : add quadspi
2023-10-15 04:06:31,406 [INFO] IPUIPlugin:80 - create IPUIPlugin
2023-10-15 04:06:31,406 [INFO] PluginManager:220 - loadIPPluginJar : add pdm2pcm
2023-10-15 04:06:31,408 [INFO] IPUIPlugin:80 - create IPUIPlugin
2023-10-15 04:06:31,408 [INFO] PluginManager:220 - loadIPPluginJar : add aes
2023-10-15 04:06:31,410 [INFO] IPUIPlugin:80 - create IPUIPlugin
2023-10-15 04:06:31,410 [INFO] PluginManager:220 - loadIPPluginJar : add ipddr
2023-10-15 04:06:31,412 [INFO] IPUIPlugin:80 - create IPUIPlugin
2023-10-15 04:06:31,412 [INFO] PluginManager:220 - loadIPPluginJar : add gpio
2023-10-15 04:06:31,414 [INFO] IPUIPlugin:80 - create IPUIPlugin
2023-10-15 04:06:31,414 [INFO] PluginManager:220 - loadIPPluginJar : add openamp
2023-10-15 04:06:31,418 [INFO] IPUIPlugin:80 - create IPUIPlugin
2023-10-15 04:06:31,418 [INFO] PluginManager:220 - loadIPPluginJar : add mdma
2023-10-15 04:06:31,420 [INFO] IPUIPlugin:80 - create IPUIPlugin
2023-10-15 04:06:31,420 [INFO] PluginManager:220 - loadIPPluginJar : add nvic
2023-10-15 04:06:31,422 [INFO] IPUIPlugin:80 - create IPUIPlugin
2023-10-15 04:06:31,422 [INFO] PluginManager:220 - loadIPPluginJar : add hash
2023-10-15 04:06:31,424 [INFO] IPUIPlugin:80 - create IPUIPlugin
2023-10-15 04:06:31,424 [INFO] PluginManager:220 - loadIPPluginJar : add usbx
2023-10-15 04:06:31,425 [INFO] IPUIPlugin:80 - create IPUIPlugin
2023-10-15 04:06:31,425 [INFO] PluginManager:220 - loadIPPluginJar : add i2c
2023-10-15 04:06:31,426 [INFO] IPUIPlugin:80 - create IPUIPlugin
2023-10-15 04:06:31,426 [INFO] PluginManager:220 - loadIPPluginJar : add dfsdm
2023-10-15 04:06:31,428 [INFO] IPUIPlugin:80 - create IPUIPlugin
2023-10-15 04:06:31,428 [INFO] PluginManager:220 - loadIPPluginJar : add usart
2023-10-15 04:06:31,429 [INFO] IPUIPlugin:80 - create IPUIPlugin
2023-10-15 04:06:31,429 [INFO] PluginManager:220 - loadIPPluginJar : add ucpd
2023-10-15 04:06:31,430 [INFO] IPUIPlugin:80 - create IPUIPlugin
2023-10-15 04:06:31,430 [INFO] PluginManager:220 - loadIPPluginJar : add genericplugin
2023-10-15 04:06:31,447 [INFO] IPUIPlugin:80 - create IPUIPlugin
2023-10-15 04:06:31,447 [INFO] PluginManager:220 - loadIPPluginJar : add comp
2023-10-15 04:06:31,449 [INFO] IPUIPlugin:80 - create IPUIPlugin
2023-10-15 04:06:31,449 [INFO] PluginManager:220 - loadIPPluginJar : add cryp
2023-10-15 04:06:31,456 [INFO] IPUIPlugin:80 - create IPUIPlugin
2023-10-15 04:06:31,457 [INFO] PluginManager:220 - loadIPPluginJar : add plateformsettings
2023-10-15 04:06:31,458 [INFO] IPUIPlugin:80 - create IPUIPlugin
2023-10-15 04:06:31,458 [INFO] PluginManager:220 - loadIPPluginJar : add dma3
2023-10-15 04:06:31,460 [INFO] IPUIPlugin:80 - create IPUIPlugin
2023-10-15 04:06:31,460 [INFO] PluginManager:220 - loadIPPluginJar : add can
2023-10-15 04:06:31,472 [INFO] IPUIPlugin:80 - create IPUIPlugin
2023-10-15 04:06:31,472 [INFO] PluginManager:220 - loadIPPluginJar : add gic
2023-10-15 04:06:31,473 [INFO] IPUIPlugin:80 - create IPUIPlugin
2023-10-15 04:06:31,473 [INFO] PluginManager:220 - loadIPPluginJar : add tim
2023-10-15 04:06:31,475 [INFO] IPUIPlugin:80 - create IPUIPlugin
2023-10-15 04:06:31,475 [INFO] PluginManager:220 - loadIPPluginJar : add spi
2023-10-15 04:06:31,476 [INFO] IPUIPlugin:80 - create IPUIPlugin
2023-10-15 04:06:31,476 [INFO] PluginManager:220 - loadIPPluginJar : add fatfs
2023-10-15 04:06:31,477 [INFO] IPUIPlugin:80 - create IPUIPlugin
2023-10-15 04:06:31,477 [INFO] PluginManager:220 - loadIPPluginJar : add ts
2023-10-15 04:06:31,480 [INFO] IPUIPlugin:80 - create IPUIPlugin
2023-10-15 04:06:31,481 [INFO] PluginManager:220 - loadIPPluginJar : add dma
2023-10-15 04:06:31,484 [INFO] IPUIPlugin:80 - create IPUIPlugin
2023-10-15 04:06:31,484 [INFO] PluginManager:220 - loadIPPluginJar : add adc
2023-10-15 04:06:31,486 [INFO] IPUIPlugin:80 - create IPUIPlugin
2023-10-15 04:06:31,486 [INFO] PluginManager:220 - loadIPPluginJar : add lorawan
2023-10-15 04:06:31,486 [INFO] IPUIPlugin:80 - create IPUIPlugin
2023-10-15 04:06:31,487 [INFO] PluginManager:220 - loadIPPluginJar : add tsc
2023-10-15 04:06:31,489 [INFO] IPUIPlugin:80 - create IPUIPlugin
2023-10-15 04:06:31,489 [INFO] PluginManager:220 - loadIPPluginJar : add resmgrutility
2023-10-15 04:06:31,490 [INFO] IPUIPlugin:80 - create IPUIPlugin
2023-10-15 04:06:31,490 [INFO] PluginManager:220 - loadIPPluginJar : add gfxmmu
2023-10-15 04:06:31,493 [INFO] IPUIPlugin:80 - create IPUIPlugin
2023-10-15 04:06:31,493 [INFO] PluginManager:220 - loadIPPluginJar : add freertos
2023-10-15 04:06:31,496 [INFO] IPUIPlugin:80 - create IPUIPlugin
2023-10-15 04:06:31,496 [INFO] PluginManager:220 - loadIPPluginJar : add fmc
2023-10-15 04:06:31,497 [INFO] IPUIPlugin:80 - create IPUIPlugin
2023-10-15 04:06:31,497 [INFO] PluginManager:220 - loadIPPluginJar : add tracer_emb
2023-10-15 04:06:31,592 [INFO] CADModel:165 - CPN selected for project level
2023-10-15 04:06:31,592 [INFO] CADModel:114 - Register for checkConnection events
2023-10-15 04:06:31,593 [FATAL] Updater:308 - Updater called before beeing initialized
2023-10-15 04:06:31,593 [ERROR] CADModel:125 - Updater not yet initialized, retry later 
2023-10-15 04:06:31,690 [INFO] CADModel:165 - CPN selected for project level
2023-10-15 04:06:31,690 [INFO] CADModel:114 - Register for checkConnection events
2023-10-15 04:06:31,690 [FATAL] Updater:308 - Updater called before beeing initialized
2023-10-15 04:06:31,690 [ERROR] CADModel:125 - Updater not yet initialized, retry later 
2023-10-15 04:06:31,693 [FATAL] Updater:308 - Updater called before beeing initialized
2023-10-15 04:06:31,746 [FATAL] Updater:308 - Updater called before beeing initialized
2023-10-15 04:06:31,750 [INFO] DbMcusAds:53 - JSON generation date=Tue Mar 07 10:50:55 EET 2023 (1678179055114)
2023-10-15 04:06:31,750 [FATAL] Updater:308 - Updater called before beeing initialized
2023-10-15 04:06:31,780 [WARN] DetailPanel:346 - Failed to get advertising image, set to default
2023-10-15 04:06:31,852 [FATAL] Updater:308 - Updater called before beeing initialized
2023-10-15 04:06:31,853 [FATAL] Updater:308 - Updater called before beeing initialized
2023-10-15 04:06:31,853 [FATAL] Updater:308 - Updater called before beeing initialized
2023-10-15 04:06:31,853 [WARN] DetailPanel:346 - Failed to get advertising image, set to default
2023-10-15 04:06:31,854 [FATAL] Updater:308 - Updater called before beeing initialized
2023-10-15 04:06:31,874 [ERROR] Updater:1120 - MainUpdater not yet initialized. External WinMGr cannot be set.
2023-10-15 04:06:31,875 [INFO] Updater:1056 - Updater Version found : 6.9.2
2023-10-15 04:06:31,890 [INFO] ApplicationProperties:184 - Using Application install path: /opt/st/stm32cubeide_1.13.2/plugins/com.st.stm32cube.common.mx_6.9.2.202309101412
2023-10-15 04:06:32,420 [INFO] MainUpdater:2868 - connection check result : 10
2023-10-15 04:06:32,421 [INFO] MainUpdater:285 - Updater Check For Update Now.
2023-10-15 04:06:32,421 [INFO] MicroXplorer:498 - Change Database Version : DB.6.0.92
2023-10-15 04:06:32,428 [INFO] McuFinderGlobals:63 - Set McuFinder mode to 2 (CubeIDE integrated)
2023-10-15 04:06:32,602 [INFO] CheckServerUpdateThread:120 - End of CheckServer Thread
2023-10-15 04:06:33,350 [INFO] McuFinderGlobals:63 - Set McuFinder mode to 2 (CubeIDE integrated)
2023-10-15 04:06:33,352 [INFO] MainUpdater:2868 - connection check result : 10
2023-10-15 04:06:33,685 [INFO] ApiDb:581 - Connected to CubeFinder SQLite database (/home/ahmed-ferganey/.stmcufinder/plugins/mcufinder/mcu/cube-finder-db.db)
2023-10-15 04:06:33,745 [INFO] ApiDb:668 - CubeFinder database Data Model version=2.1
2023-10-15 04:06:33,745 [INFO] ApiDb:669 - CubeFinder database Configuration version=3.0.37
2023-10-15 04:06:33,746 [INFO] ApiDb:670 - CubeFinder database generation date=2023-08-09 (1691586011)
2023-10-15 04:06:33,746 [INFO] ApiDb:671 - CubeFinder database FW Pack versions=[FP-ATR-ASTRA1_V2.0.0, FP-SNS-FLIGHT1_V5.0.1, FP-SNS-FLIGHT1_V5.0.2, FP-SNS-MOTENV1_V4.3.1, FP-SNS-MOTENV1_V4.3.2, STM32Cube_FW_C0_V1.1.0, STM32Cube_FW_F4_V1.27.1, STM32Cube_FW_F7_V1.17.0, STM32Cube_FW_G0_V1.6.1, STM32Cube_FW_G4_V1.5.1, STM32Cube_FW_H5_V0.5.1, STM32Cube_FW_H5_V1.1.0, STM32Cube_FW_H7_V1.11.0, STM32Cube_FW_L0_V1.12.2, STM32Cube_FW_L5_V1.5.0, STM32Cube_FW_U5_V1.3.0, STM32Cube_FW_U5_V1.3.0RC4, STM32Cube_FW_WBA_V1.0.0RC1, STM32Cube_FW_WBA_V1.1.0, STM32Cube_FW_WBA_V1.1.0RC1, STM32Cube_FW_WB_V1.15.0RC1, STM32Cube_FW_WB_V1.16.0, STM32Cube_FW_WB_V1.16.0RC2, STM32Cube_FW_WB_V1.17.0, STM32Cube_FW_WL_V1.3.0, X-CUBE-ALGOBUILD_V1.3.0, X-CUBE-ALS_V1.0.1, X-CUBE-AZRTOS-F4_V1.1.0, X-CUBE-AZRTOS-F7_V1.1.0, X-CUBE-AZRTOS-G0_V1.1.0, X-CUBE-AZRTOS-G4_V2.0.0, X-CUBE-AZRTOS-H7_V3.1.0, X-CUBE-AZRTOS-L4_V1.0.0, X-CUBE-AZRTOS-L4_V2.0.0, X-CUBE-AZRTOS-L5_V1.1.0, X-CUBE-AZRTOS-WB_V1.1.0, X-CUBE-AZRTOS-WL_V2.0.0, X-CUBE-BLE1_V7.0.0, X-CUBE-BLE2_V3.3.0, X-CUBE-BLEMGR_V2.0.0, X-CUBE-EEPRMA1_V4.1.0, X-CUBE-FREERTOS_V1.1.0, X-CUBE-GNSS1_V6.0.0, X-CUBE-MEMS1_V9.1.0, X-CUBE-MEMS1_V9.4.0, X-CUBE-MEMS1_V9.6.0, X-CUBE-NFC4_V3.0.0, X-CUBE-NFC7_V1.0.0, X-CUBE-SFXS2LP1_V4.0.0, X-CUBE-SUBG2_V5.0.0, X-CUBE-TOF1_V3.3.1]
2023-10-15 04:06:33,821 [INFO] DbBoardsSqlite:226 - include board P-NUCLEO-WB55-NUCLEO as a kit item of type 'Nucleo-64'
2023-10-15 04:06:33,822 [INFO] DbBoardsSqlite:226 - include board P-NUCLEO-WB55-USBDONGLE as a kit item of type 'Nucleo USB Dongle'
2023-10-15 04:06:33,822 [INFO] DbBoardsSqlite:226 - include board STEVAL-IDP005V1 as a kit item of type 'Evaluation Board'
2023-10-15 04:06:33,822 [INFO] DbBoardsSqlite:226 - include board STEVAL-IDP005V2 as a kit item of type 'Evaluation Board'
2023-10-15 04:06:33,870 [INFO] ApiDb:240 - Found 323 in-development CPN: [B-G473E-ZEST1S, B-WB1M-WPAN1, B-WL5M-SUBG1, NUCLEO-C031C6, NUCLEO-H503RB, NUCLEO-H563ZI, NUCLEO-U545RE-Q, NUCLEO-U5A5ZJ-Q, NUCLEO-WBA52CG, STEVAL-PROTEUS1, STEVAL-SMARTAG2, STEVAL-STWINBX1, STM320518-EVAL, STM32C0116-DK, STM32C011D6Y3TR, STM32C011D6Y6TR, STM32C011F4P3, STM32C011F4P6, STM32C011F4U3, STM32C011F4U6TR, STM32C011F6P3, STM32C011F6P6, STM32C011F6U3, STM32C011F6U6TR, STM32C011J4M3, STM32C011J4M6, STM32C011J6M3, STM32C011J6M6, STM32C0316-DK, STM32C031C4T3, STM32C031C4T6, STM32C031C4U3, STM32C031C4U6, STM32C031C6T3, STM32C031C6T6, STM32C031C6U3, STM32C031C6U6, STM32C031F4P3, STM32C031F4P6, STM32C031F6P3, STM32C031F6P6, STM32C031G4U3, STM32C031G4U6, STM32C031G6U3, STM32C031G6U6, STM32C031K4T3, STM32C031K4T6, STM32C031K4U3, STM32C031K4U6, STM32C031K6T3, STM32C031K6T6, STM32C031K6U3, STM32C031K6U6, STM32G071K8TXN, STM32G071K8UXN, STM32G081GBU6N, STM32G081KBT6N, STM32G081KBUXN, STM32G0B1CCT6N, STM32G0B1KCT6, STM32G0B1NEY6TR, STM32G0B1RCT6N, STM32G0C1CCT6, STM32G0C1CCT6N, STM32G0C1CCU6N, STM32G0C1CET6N, STM32G0C1CEU6N, STM32G0C1KCT6, STM32G0C1NEY6TR, STM32G0C1RCI6N, STM32G0C1RCT6N, STM32G0C1REI6N, STM32G0C1RET6N, STM32G0C1VCI6, STM32G0C1VEI6, STM32G471CCT6, STM32G471CCU6, STM32G471CET3, STM32G471CET6, STM32G471CEU3, STM32G471CEU6, STM32G471MCT6, STM32G471MET3, STM32G471MET6, STM32G471MEY6TR, STM32G471QCT6, STM32G471QET3, STM32G471RCT6, STM32G471RET3, STM32G471RET6, STM32G471VCH6, STM32G471VCI6, STM32G471VCT6, STM32G471VEH3, STM32G471VEH6, STM32G471VEI3, STM32G471VEI6, STM32G471VET3, STM32G471VET6, STM32G474CCT6, STM32H503CBT6, STM32H503CBU6, STM32H503EBY6TR, STM32H503KBU6, STM32H503RBT6, STM32H562AGI6, STM32H562AII6, STM32H562IGK6, STM32H562IGT6, STM32H562IIK6, STM32H562IIT6, STM32H562RGT6, STM32H562RGV6, STM32H562RIT6, STM32H562RIV6, STM32H562VGT6, STM32H562VIT6, STM32H562ZGT6, STM32H562ZIT6, STM32H563AGI6, STM32H563AII3Q, STM32H563AII6, STM32H563IGK6, STM32H563IGT6, STM32H563IIK3Q, STM32H563IIK6, STM32H563IIT3Q, STM32H563IIT6, STM32H563MIY3QTR, STM32H563RGT6, STM32H563RGV6, STM32H563RIT6, STM32H563RIV6, STM32H563VGT6, STM32H563VIT3Q, STM32H563VIT6, STM32H563ZGT6, STM32H563ZIT3Q, STM32H563ZIT6, STM32H573AII3Q, STM32H573AII6, STM32H573I-DK, STM32H573IIK3Q, STM32H573IIK6, STM32H573IIT3Q, STM32H573IIT6, STM32H573MIY3QTR, STM32H573RIT6, STM32H573RIV6, STM32H573VIT3Q, STM32H573VIT6, STM32H573ZIT3Q, STM32H573ZIT6, STM32L4R5QGI6STR, STM32MP131AAE3, STM32MP131AAF3, STM32MP131AAG3, STM32MP131CAE3, STM32MP131CAF3, STM32MP131CAG3, STM32MP131DAE7, STM32MP131DAF7, STM32MP131DAG7, STM32MP131FAE7, STM32MP131FAF7, STM32MP131FAG7, STM32MP133AAE3, STM32MP133AAF3, STM32MP133AAG3, STM32MP133CAE3, STM32MP133CAF3, STM32MP133CAG3, STM32MP133DAE7, STM32MP133DAF7, STM32MP133DAG7, STM32MP133FAE7, STM32MP133FAF7, STM32MP133FAG7, STM32MP135AAE3, STM32MP135AAF3, STM32MP135AAG3, STM32MP135CAE3, STM32MP135CAF3, STM32MP135CAG3, STM32MP135DAE7, STM32MP135DAF7, STM32MP135DAG7, STM32MP135F-DK, STM32MP135FAE7, STM32MP135FAF7, STM32MP135FAF7T, STM32MP135FAF7U, STM32MP135FAG7, STM32U535CBT6, STM32U535CBT6Q, STM32U535CBU6, STM32U535CBU6Q, STM32U535CCT6, STM32U535CCT6Q, STM32U535CCU6, STM32U535CCU6Q, STM32U535CET6, STM32U535CET6Q, STM32U535CEU6, STM32U535CEU6Q, STM32U535JEY6QTR, STM32U535NCY6QTR, STM32U535NEY6QTR, STM32U535RBI6, STM32U535RBI6Q, STM32U535RBT6, STM32U535RBT6Q, STM32U535RCI6, STM32U535RCI6Q, STM32U535RCT6, STM32U535RCT6Q, STM32U535REI6, STM32U535REI6Q, STM32U535RET6, STM32U535RET6Q, STM32U535VCI6, STM32U535VCI6Q, STM32U535VCT6, STM32U535VCT6Q, STM32U535VEI6, STM32U535VEI6Q, STM32U535VET6, STM32U535VET6Q, STM32U545CET6, STM32U545CET6Q, STM32U545CEU6, STM32U545CEU6Q, STM32U545JEY6QTR, STM32U545NEY6QTR, STM32U545REI6, STM32U545REI6Q, STM32U545RET6, STM32U545RET6Q, STM32U545VEI6, STM32U545VEI6Q, STM32U545VET6, STM32U545VET6Q, STM32U595AIH6, STM32U595AIH6Q, STM32U595AJH6, STM32U595AJH6Q, STM32U595QII6, STM32U595QII6Q, STM32U595QJI6, STM32U595QJI6Q, STM32U595RIT6, STM32U595RIT6Q, STM32U595RJT6, STM32U595RJT6Q, STM32U595VIT6, STM32U595VIT6Q, STM32U595VJT6, STM32U595VJT6Q, STM32U595ZIT6, STM32U595ZIT6Q, STM32U595ZIY6QTR, STM32U595ZJT6, STM32U595ZJT6Q, STM32U595ZJY6QTR, STM32U599BJY6QTR, STM32U599NIH6Q, STM32U599NJH6Q, STM32U599VIT6Q, STM32U599VJT6, STM32U599VJT6Q, STM32U599ZIT6Q, STM32U599ZIY6QTR, STM32U599ZJT6Q, STM32U599ZJY6QTR, STM32U5A5AJH6, STM32U5A5AJH6Q, STM32U5A5QJI6, STM32U5A5QJI6Q, STM32U5A5RJT6, STM32U5A5RJT6Q, STM32U5A5VJT6, STM32U5A5VJT6Q, STM32U5A5ZJT6, STM32U5A5ZJT6Q, STM32U5A5ZJY6QTR, STM32U5A9BJY6QTR, STM32U5A9J-DK, STM32U5A9NJH6Q, STM32U5A9VJT6Q, STM32U5A9ZJT6Q, STM32U5A9ZJY6QTR, STM32U5F7VIT6, STM32U5F7VIT6Q, STM32U5F7VJT6, STM32U5F7VJT6Q, STM32U5F9BJY6QTR, STM32U5F9NJH6Q, STM32U5F9VIT6Q, STM32U5F9VJT6Q, STM32U5F9ZIJ6QTR, STM32U5F9ZIT6Q, STM32U5F9ZJJ6QTR, STM32U5F9ZJT6Q, STM32U5G7VJT6, STM32U5G7VJT6Q, STM32U5G9BJY6QTR, STM32U5G9J-DK1, STM32U5G9J-DK2, STM32U5G9NJH6Q, STM32U5G9VJT6Q, STM32U5G9ZJJ6QTR, STM32U5G9ZJT6Q, STM32WB1MMCH6, STM32WBA52CEU6, STM32WBA52CEU6T, STM32WBA52CGU6, STM32WBA52CGU6T, STM32WBA52KEU6, STM32WBA52KEU6T, STM32WBA52KGU6, STM32WBA52KGU6T, STM32WL5MOCH6, STM32WL5MOCH6TR]
2023-10-15 04:06:34,002 [INFO] BoardInfo:880 - No configuration file found for board P-NUCLEO-WB55
2023-10-15 04:06:34,002 [INFO] DbBoards:157 - Kit is not supported: P-NUCLEO-WB55
2023-10-15 04:06:34,005 [INFO] BoardInfo:880 - No configuration file found for board STEVAL-BFA001V1B
2023-10-15 04:06:34,005 [INFO] DbBoards:157 - Kit is not supported: STEVAL-BFA001V1B
2023-10-15 04:06:34,006 [INFO] BoardInfo:880 - No configuration file found for board STEVAL-BFA001V2B
2023-10-15 04:06:34,006 [INFO] DbBoards:157 - Kit is not supported: STEVAL-BFA001V2B
2023-10-15 04:06:34,093 [INFO] DbBoards:161 - Found 190 boards, 187 are supported
2023-10-15 04:06:34,097 [INFO] ApiDb:668 - CubeFinder database Data Model version=2.1
2023-10-15 04:06:34,097 [INFO] ApiDb:669 - CubeFinder database Configuration version=3.0.37
2023-10-15 04:06:34,097 [INFO] ApiDb:670 - CubeFinder database generation date=2023-08-09 (1691586011)
2023-10-15 04:06:34,097 [INFO] ApiDb:671 - CubeFinder database FW Pack versions=[FP-ATR-ASTRA1_V2.0.0, FP-SNS-FLIGHT1_V5.0.1, FP-SNS-FLIGHT1_V5.0.2, FP-SNS-MOTENV1_V4.3.1, FP-SNS-MOTENV1_V4.3.2, STM32Cube_FW_C0_V1.1.0, STM32Cube_FW_F4_V1.27.1, STM32Cube_FW_F7_V1.17.0, STM32Cube_FW_G0_V1.6.1, STM32Cube_FW_G4_V1.5.1, STM32Cube_FW_H5_V0.5.1, STM32Cube_FW_H5_V1.1.0, STM32Cube_FW_H7_V1.11.0, STM32Cube_FW_L0_V1.12.2, STM32Cube_FW_L5_V1.5.0, STM32Cube_FW_U5_V1.3.0, STM32Cube_FW_U5_V1.3.0RC4, STM32Cube_FW_WBA_V1.0.0RC1, STM32Cube_FW_WBA_V1.1.0, STM32Cube_FW_WBA_V1.1.0RC1, STM32Cube_FW_WB_V1.15.0RC1, STM32Cube_FW_WB_V1.16.0, STM32Cube_FW_WB_V1.16.0RC2, STM32Cube_FW_WB_V1.17.0, STM32Cube_FW_WL_V1.3.0, X-CUBE-ALGOBUILD_V1.3.0, X-CUBE-ALS_V1.0.1, X-CUBE-AZRTOS-F4_V1.1.0, X-CUBE-AZRTOS-F7_V1.1.0, X-CUBE-AZRTOS-G0_V1.1.0, X-CUBE-AZRTOS-G4_V2.0.0, X-CUBE-AZRTOS-H7_V3.1.0, X-CUBE-AZRTOS-L4_V1.0.0, X-CUBE-AZRTOS-L4_V2.0.0, X-CUBE-AZRTOS-L5_V1.1.0, X-CUBE-AZRTOS-WB_V1.1.0, X-CUBE-AZRTOS-WL_V2.0.0, X-CUBE-BLE1_V7.0.0, X-CUBE-BLE2_V3.3.0, X-CUBE-BLEMGR_V2.0.0, X-CUBE-EEPRMA1_V4.1.0, X-CUBE-FREERTOS_V1.1.0, X-CUBE-GNSS1_V6.0.0, X-CUBE-MEMS1_V9.1.0, X-CUBE-MEMS1_V9.4.0, X-CUBE-MEMS1_V9.6.0, X-CUBE-NFC4_V3.0.0, X-CUBE-NFC7_V1.0.0, X-CUBE-SFXS2LP1_V4.0.0, X-CUBE-SUBG2_V5.0.0, X-CUBE-TOF1_V3.3.1]
2023-10-15 04:06:34,147 [WARN] PackLoader:240 - Cannot read IP mode file for STMicroelectronics.X-CUBE-SMBUS.2.1.0
2023-10-15 04:06:34,190 [WARN] PackLoader:240 - Cannot read IP mode file for STMicroelectronics.X-CUBE-AZRTOS-F7.1.1.0
2023-10-15 04:06:34,203 [WARN] PackLoader:240 - Cannot read IP mode file for STMicroelectronics.FP-SNS-MOTENV1.4.3.2
2023-10-15 04:06:34,211 [WARN] PackLoader:240 - Cannot read IP mode file for STMicroelectronics.FP-SNS-FLIGHT1.5.0.2
2023-10-15 04:06:34,224 [WARN] PackLoader:240 - Cannot read IP mode file for STMicroelectronics.X-CUBE-DISPLAY.3.0.0
2023-10-15 04:06:34,240 [WARN] PackLoader:240 - Cannot read IP mode file for STMicroelectronics.X-CUBE-BLE1.7.0.0
2023-10-15 04:06:34,246 [WARN] PackLoader:240 - Cannot read IP mode file for emotas.I-CUBE-CANOPEN.1.3.0
2023-10-15 04:06:34,250 [WARN] PackLoader:240 - Cannot read IP mode file for STMicroelectronics.X-CUBE-TOUCHGFX.4.22.1
2023-10-15 04:06:34,255 [WARN] PackLoader:240 - Cannot read IP mode file for STMicroelectronics.FP-SNS-SMARTAG2.1.2.0
2023-10-15 04:06:34,268 [INFO] LogOutputStream:77 - [STDOUT_REDIRECT] 1 : Invalid condition id : UX_CORESTACK_Condition cause : null
2023-10-15 04:06:34,269 [INFO] LogOutputStream:77 - [STDOUT_REDIRECT] 1 : Invalid condition id : UX_CORESTACK_Condition cause : null
2023-10-15 04:06:34,269 [INFO] LogOutputStream:77 - [STDOUT_REDIRECT] 1 : Invalid condition id : UX_CORESTACK_Condition cause : null
2023-10-15 04:06:34,270 [INFO] LogOutputStream:77 - [STDOUT_REDIRECT] 1 : Invalid condition id : UX_CORESTACK_Condition cause : null
2023-10-15 04:06:34,270 [INFO] LogOutputStream:77 - [STDOUT_REDIRECT] 1 : Invalid condition id : UX_CORESTACK_Condition cause : null
2023-10-15 04:06:34,277 [WARN] PackLoader:240 - Cannot read IP mode file for STMicroelectronics.X-CUBE-AZRTOS-WL.2.0.0
2023-10-15 04:06:34,286 [WARN] PackLoader:240 - Cannot read IP mode file for WES.I-CUBE-Cesium.1.3.0
2023-10-15 04:06:34,291 [WARN] PackLoader:240 - Cannot read IP mode file for STMicroelectronics.X-CUBE-BLE2.3.3.0
2023-10-15 04:06:34,298 [WARN] PackLoader:240 - Cannot read IP mode file for STMicroelectronics.X-CUBE-ALGOBUILD.1.3.0
2023-10-15 04:06:34,319 [WARN] PackLoader:240 - Cannot read IP mode file for STMicroelectronics.X-CUBE-AZRTOS-G0.1.1.0
2023-10-15 04:06:34,327 [WARN] PackLoader:240 - Cannot read IP mode file for STMicroelectronics.X-CUBE-NFC4.3.0.0
2023-10-15 04:06:34,332 [WARN] PackLoader:240 - Cannot read IP mode file for STMicroelectronics.FP-ATR-SIGFOX1.3.2.0
2023-10-15 04:06:34,373 [WARN] PackLoader:240 - Cannot read IP mode file for SEGGER.I-CUBE-embOS.1.3.1
2023-10-15 04:06:34,434 [WARN] PackLoader:240 - Cannot read IP mode file for STMicroelectronics.X-CUBE-GNSS1.6.0.0
2023-10-15 04:06:34,453 [WARN] PackLoader:240 - Cannot read IP mode file for STMicroelectronics.X-CUBE-AZRTOS-F4.1.1.0
2023-10-15 04:06:34,459 [WARN] PackLoader:240 - Cannot read IP mode file for wolfSSL.I-CUBE-wolfSSL.5.6.3
2023-10-15 04:06:34,477 [WARN] PackLoader:240 - Cannot read IP mode file for STMicroelectronics.X-CUBE-AZRTOS-L5.2.0.0
2023-10-15 04:06:34,523 [WARN] PackLoader:240 - Cannot read IP mode file for STMicroelectronics.X-CUBE-MEMS1.9.6.0
2023-10-15 04:06:34,719 [WARN] PackLoader:240 - Cannot read IP mode file for ITTIA_DB.I-CUBE-ITTIADB.8.8.0
2023-10-15 04:06:34,723 [WARN] PackLoader:240 - Cannot read IP mode file for STMicroelectronics.X-CUBE-BLEMGR.2.0.0
2023-10-15 04:06:34,735 [WARN] ConditionMgr:438 - getConditionDescription Invalid condition id : UX DEVICE CLASS RTOS Condition cause : null
2023-10-15 04:06:34,735 [WARN] ConditionMgr:438 - getConditionDescription Invalid condition id : UX DEVICE CLASS RTOS Condition cause : null
2023-10-15 04:06:34,737 [WARN] PackLoader:240 - Cannot read IP mode file for STMicroelectronics.X-CUBE-AZRTOS-H7.3.1.0
2023-10-15 04:06:34,738 [WARN] ConditionMgr:1039 - genDependencies : Invalid condition id : UX DEVICE CLASS RTOS Condition cause : null
2023-10-15 04:06:34,738 [WARN] ConditionMgr:1039 - genDependencies : Invalid condition id : UX DEVICE CLASS RTOS Condition cause : null
2023-10-15 04:06:34,738 [WARN] ConditionMgr:1039 - genDependencies : Invalid condition id : UX DEVICE CLASS RTOS Condition cause : null
2023-10-15 04:06:34,739 [WARN] ConditionMgr:1039 - genDependencies : Invalid condition id : UX DEVICE CLASS RTOS Condition cause : null
2023-10-15 04:06:34,739 [WARN] ConditionMgr:1039 - genDependencies : Invalid condition id : UX DEVICE CLASS RTOS Condition cause : null
2023-10-15 04:06:34,743 [WARN] PackLoader:240 - Cannot read IP mode file for STMicroelectronics.X-CUBE-NFC7.1.0.1
2023-10-15 04:06:34,747 [WARN] PackLoader:240 - Cannot read IP mode file for STMicroelectronics.X-CUBE-NFC6.3.0.0
2023-10-15 04:06:34,751 [WARN] PackLoader:240 - Cannot read IP mode file for STMicroelectronics.X-CUBE-EEPRMA1.4.1.0
2023-10-15 04:06:34,754 [WARN] PackLoader:240 - Cannot read IP mode file for STMicroelectronics.X-CUBE-AI.8.1.0
2023-10-15 04:06:34,765 [WARN] ConditionMgr:438 - getConditionDescription Invalid condition id : LAN8742 Phy interface Condition cause : null
2023-10-15 04:06:34,766 [WARN] PackLoader:240 - Cannot read IP mode file for STMicroelectronics.X-CUBE-AZRTOS-L4.2.0.0
2023-10-15 04:06:34,767 [WARN] ConditionMgr:1039 - genDependencies : Invalid condition id : LAN8742 Phy interface Condition cause : null
2023-10-15 04:06:34,767 [WARN] ConditionMgr:1039 - genDependencies : Invalid condition id : LAN8742 Phy interface Condition cause : null
2023-10-15 04:06:34,767 [WARN] ConditionMgr:1039 - genDependencies : Invalid condition id : LAN8742 Phy interface Condition cause : null
2023-10-15 04:06:34,772 [WARN] PackLoader:240 - Cannot read IP mode file for STMicroelectronics.X-CUBE-SFXS2LP1.4.0.0
2023-10-15 04:06:34,775 [WARN] PackLoader:240 - Cannot read IP mode file for STMicroelectronics.X-CUBE-ISPU.1.1.0
2023-10-15 04:06:34,782 [WARN] ConditionMgr:438 - getConditionDescription Invalid condition id : UX DEVICE CLASS RTOS Condition cause : null
2023-10-15 04:06:34,782 [WARN] ConditionMgr:438 - getConditionDescription Invalid condition id : UX DEVICE CLASS RTOS Condition cause : null
2023-10-15 04:06:34,784 [WARN] PackLoader:240 - Cannot read IP mode file for STMicroelectronics.X-CUBE-AZRTOS-WB.2.0.0
2023-10-15 04:06:34,784 [WARN] ConditionMgr:1039 - genDependencies : Invalid condition id : UX DEVICE CLASS RTOS Condition cause : null
2023-10-15 04:06:34,784 [WARN] ConditionMgr:1039 - genDependencies : Invalid condition id : UX DEVICE CLASS RTOS Condition cause : null
2023-10-15 04:06:34,785 [WARN] ConditionMgr:1039 - genDependencies : Invalid condition id : UX DEVICE CLASS RTOS Condition cause : null
2023-10-15 04:06:34,785 [WARN] ConditionMgr:1039 - genDependencies : Invalid condition id : UX DEVICE CLASS RTOS Condition cause : null
2023-10-15 04:06:34,785 [WARN] ConditionMgr:1039 - genDependencies : Invalid condition id : UX DEVICE CLASS RTOS Condition cause : null
2023-10-15 04:06:34,791 [WARN] PackLoader:240 - Cannot read IP mode file for STMicroelectronics.X-CUBE-SUBG2.5.0.0
2023-10-15 04:06:34,822 [WARN] PackLoader:240 - Cannot read IP mode file for STMicroelectronics.X-CUBE-TOF1.3.3.1
2023-10-15 04:06:34,852 [WARN] PackLoader:240 - Cannot read IP mode file for STMicroelectronics.X-CUBE-AZRTOS-G4.2.0.0
2023-10-15 04:06:34,878 [WARN] PackLoader:240 - Cannot read IP mode file for Infineon.AIROC-Wi-Fi-Bluetooth-STM32.1.5.1
2023-10-15 04:06:34,886 [WARN] PackLoader:240 - Cannot read IP mode file for STMicroelectronics.X-CUBE-FREERTOS.1.1.0
2023-10-15 04:06:34,891 [WARN] PackLoader:240 - Cannot read IP mode file for portGmbH.I-Cube-SoM-uGOAL.1.1.0
2023-10-15 04:06:34,894 [WARN] PackLoader:240 - Cannot read IP mode file for STMicroelectronics.X-CUBE-ALS.1.0.1
2023-10-15 04:06:34,899 [WARN] PackLoader:240 - Cannot read IP mode file for STMicroelectronics.FP-ATR-ASTRA1.2.0.0
2023-10-15 04:06:34,900 [INFO] ThirdParty:978 - Integrity check success = true
2023-10-15 04:06:34,900 [INFO] IntegrityCheckThread:100 - exiting critical section [integrity check]
2023-10-15 04:06:34,900 [INFO] IntegrityCheckThread:103 - End integrity checks thread
2023-10-15 04:06:36,166 [INFO] ApiDb:240 - Found 323 in-development CPN: [B-G473E-ZEST1S, B-WB1M-WPAN1, B-WL5M-SUBG1, NUCLEO-C031C6, NUCLEO-H503RB, NUCLEO-H563ZI, NUCLEO-U545RE-Q, NUCLEO-U5A5ZJ-Q, NUCLEO-WBA52CG, STEVAL-PROTEUS1, STEVAL-SMARTAG2, STEVAL-STWINBX1, STM320518-EVAL, STM32C0116-DK, STM32C011D6Y3TR, STM32C011D6Y6TR, STM32C011F4P3, STM32C011F4P6, STM32C011F4U3, STM32C011F4U6TR, STM32C011F6P3, STM32C011F6P6, STM32C011F6U3, STM32C011F6U6TR, STM32C011J4M3, STM32C011J4M6, STM32C011J6M3, STM32C011J6M6, STM32C0316-DK, STM32C031C4T3, STM32C031C4T6, STM32C031C4U3, STM32C031C4U6, STM32C031C6T3, STM32C031C6T6, STM32C031C6U3, STM32C031C6U6, STM32C031F4P3, STM32C031F4P6, STM32C031F6P3, STM32C031F6P6, STM32C031G4U3, STM32C031G4U6, STM32C031G6U3, STM32C031G6U6, STM32C031K4T3, STM32C031K4T6, STM32C031K4U3, STM32C031K4U6, STM32C031K6T3, STM32C031K6T6, STM32C031K6U3, STM32C031K6U6, STM32G071K8TXN, STM32G071K8UXN, STM32G081GBU6N, STM32G081KBT6N, STM32G081KBUXN, STM32G0B1CCT6N, STM32G0B1KCT6, STM32G0B1NEY6TR, STM32G0B1RCT6N, STM32G0C1CCT6, STM32G0C1CCT6N, STM32G0C1CCU6N, STM32G0C1CET6N, STM32G0C1CEU6N, STM32G0C1KCT6, STM32G0C1NEY6TR, STM32G0C1RCI6N, STM32G0C1RCT6N, STM32G0C1REI6N, STM32G0C1RET6N, STM32G0C1VCI6, STM32G0C1VEI6, STM32G471CCT6, STM32G471CCU6, STM32G471CET3, STM32G471CET6, STM32G471CEU3, STM32G471CEU6, STM32G471MCT6, STM32G471MET3, STM32G471MET6, STM32G471MEY6TR, STM32G471QCT6, STM32G471QET3, STM32G471RCT6, STM32G471RET3, STM32G471RET6, STM32G471VCH6, STM32G471VCI6, STM32G471VCT6, STM32G471VEH3, STM32G471VEH6, STM32G471VEI3, STM32G471VEI6, STM32G471VET3, STM32G471VET6, STM32G474CCT6, STM32H503CBT6, STM32H503CBU6, STM32H503EBY6TR, STM32H503KBU6, STM32H503RBT6, STM32H562AGI6, STM32H562AII6, STM32H562IGK6, STM32H562IGT6, STM32H562IIK6, STM32H562IIT6, STM32H562RGT6, STM32H562RGV6, STM32H562RIT6, STM32H562RIV6, STM32H562VGT6, STM32H562VIT6, STM32H562ZGT6, STM32H562ZIT6, STM32H563AGI6, STM32H563AII3Q, STM32H563AII6, STM32H563IGK6, STM32H563IGT6, STM32H563IIK3Q, STM32H563IIK6, STM32H563IIT3Q, STM32H563IIT6, STM32H563MIY3QTR, STM32H563RGT6, STM32H563RGV6, STM32H563RIT6, STM32H563RIV6, STM32H563VGT6, STM32H563VIT3Q, STM32H563VIT6, STM32H563ZGT6, STM32H563ZIT3Q, STM32H563ZIT6, STM32H573AII3Q, STM32H573AII6, STM32H573I-DK, STM32H573IIK3Q, STM32H573IIK6, STM32H573IIT3Q, STM32H573IIT6, STM32H573MIY3QTR, STM32H573RIT6, STM32H573RIV6, STM32H573VIT3Q, STM32H573VIT6, STM32H573ZIT3Q, STM32H573ZIT6, STM32L4R5QGI6STR, STM32MP131AAE3, STM32MP131AAF3, STM32MP131AAG3, STM32MP131CAE3, STM32MP131CAF3, STM32MP131CAG3, STM32MP131DAE7, STM32MP131DAF7, STM32MP131DAG7, STM32MP131FAE7, STM32MP131FAF7, STM32MP131FAG7, STM32MP133AAE3, STM32MP133AAF3, STM32MP133AAG3, STM32MP133CAE3, STM32MP133CAF3, STM32MP133CAG3, STM32MP133DAE7, STM32MP133DAF7, STM32MP133DAG7, STM32MP133FAE7, STM32MP133FAF7, STM32MP133FAG7, STM32MP135AAE3, STM32MP135AAF3, STM32MP135AAG3, STM32MP135CAE3, STM32MP135CAF3, STM32MP135CAG3, STM32MP135DAE7, STM32MP135DAF7, STM32MP135DAG7, STM32MP135F-DK, STM32MP135FAE7, STM32MP135FAF7, STM32MP135FAF7T, STM32MP135FAF7U, STM32MP135FAG7, STM32U535CBT6, STM32U535CBT6Q, STM32U535CBU6, STM32U535CBU6Q, STM32U535CCT6, STM32U535CCT6Q, STM32U535CCU6, STM32U535CCU6Q, STM32U535CET6, STM32U535CET6Q, STM32U535CEU6, STM32U535CEU6Q, STM32U535JEY6QTR, STM32U535NCY6QTR, STM32U535NEY6QTR, STM32U535RBI6, STM32U535RBI6Q, STM32U535RBT6, STM32U535RBT6Q, STM32U535RCI6, STM32U535RCI6Q, STM32U535RCT6, STM32U535RCT6Q, STM32U535REI6, STM32U535REI6Q, STM32U535RET6, STM32U535RET6Q, STM32U535VCI6, STM32U535VCI6Q, STM32U535VCT6, STM32U535VCT6Q, STM32U535VEI6, STM32U535VEI6Q, STM32U535VET6, STM32U535VET6Q, STM32U545CET6, STM32U545CET6Q, STM32U545CEU6, STM32U545CEU6Q, STM32U545JEY6QTR, STM32U545NEY6QTR, STM32U545REI6, STM32U545REI6Q, STM32U545RET6, STM32U545RET6Q, STM32U545VEI6, STM32U545VEI6Q, STM32U545VET6, STM32U545VET6Q, STM32U595AIH6, STM32U595AIH6Q, STM32U595AJH6, STM32U595AJH6Q, STM32U595QII6, STM32U595QII6Q, STM32U595QJI6, STM32U595QJI6Q, STM32U595RIT6, STM32U595RIT6Q, STM32U595RJT6, STM32U595RJT6Q, STM32U595VIT6, STM32U595VIT6Q, STM32U595VJT6, STM32U595VJT6Q, STM32U595ZIT6, STM32U595ZIT6Q, STM32U595ZIY6QTR, STM32U595ZJT6, STM32U595ZJT6Q, STM32U595ZJY6QTR, STM32U599BJY6QTR, STM32U599NIH6Q, STM32U599NJH6Q, STM32U599VIT6Q, STM32U599VJT6, STM32U599VJT6Q, STM32U599ZIT6Q, STM32U599ZIY6QTR, STM32U599ZJT6Q, STM32U599ZJY6QTR, STM32U5A5AJH6, STM32U5A5AJH6Q, STM32U5A5QJI6, STM32U5A5QJI6Q, STM32U5A5RJT6, STM32U5A5RJT6Q, STM32U5A5VJT6, STM32U5A5VJT6Q, STM32U5A5ZJT6, STM32U5A5ZJT6Q, STM32U5A5ZJY6QTR, STM32U5A9BJY6QTR, STM32U5A9J-DK, STM32U5A9NJH6Q, STM32U5A9VJT6Q, STM32U5A9ZJT6Q, STM32U5A9ZJY6QTR, STM32U5F7VIT6, STM32U5F7VIT6Q, STM32U5F7VJT6, STM32U5F7VJT6Q, STM32U5F9BJY6QTR, STM32U5F9NJH6Q, STM32U5F9VIT6Q, STM32U5F9VJT6Q, STM32U5F9ZIJ6QTR, STM32U5F9ZIT6Q, STM32U5F9ZJJ6QTR, STM32U5F9ZJT6Q, STM32U5G7VJT6, STM32U5G7VJT6Q, STM32U5G9BJY6QTR, STM32U5G9J-DK1, STM32U5G9J-DK2, STM32U5G9NJH6Q, STM32U5G9VJT6Q, STM32U5G9ZJJ6QTR, STM32U5G9ZJT6Q, STM32WB1MMCH6, STM32WBA52CEU6, STM32WBA52CEU6T, STM32WBA52CGU6, STM32WBA52CGU6T, STM32WBA52KEU6, STM32WBA52KEU6T, STM32WBA52KGU6, STM32WBA52KGU6T, STM32WL5MOCH6, STM32WL5MOCH6TR]
2023-10-15 04:06:36,172 [INFO] DbMcus:217 - Found 3848 MCUs, 3848 are supported
2023-10-15 04:06:36,172 [INFO] ApiDb:414 - User favorites file not found: /home/ahmed-ferganey/.stm32cubeide/favorites.mcus.txt
2023-10-15 04:06:36,172 [INFO] DbMcus:223 - Set 0 / 0 favorites MCUs
2023-10-15 04:06:36,392 [INFO] ApiDb:414 - User favorites file not found: /home/ahmed-ferganey/.stm32cubeide/favorites.boards.txt
2023-10-15 04:06:36,392 [INFO] DbBoards:190 - Set 0 / 0 favorites Boards
2023-10-15 04:06:36,393 [INFO] McuFinderGlobals:76 - Set McuFinderConnectedMode to true
2023-10-15 04:06:36,401 [INFO] MultiScanPanel:200 - Auto-refresh data requested => check proxy status ongoing
2023-10-15 04:06:36,403 [INFO] FinderPluginLoader:95 - Searching for filters in installed packs
2023-10-15 04:06:37,686 [INFO] LoadUrlFilesThread:185 - End of LoadServerUrlFiles without Thread
2023-10-15 04:06:37,691 [INFO] DetailPanel:341 - Set advertising image to /home/ahmed-ferganey/STM32Cube/Repository//en.prom-stm32h5-mcu-finder.jpg
2023-10-15 04:06:52,800 [ERROR] LogOutputStream:75 - [STDERR_REDIRECT] SLF4J: Failed to load class "org.slf4j.impl.StaticLoggerBinder".
2023-10-15 04:06:52,800 [ERROR] LogOutputStream:75 - [STDERR_REDIRECT] SLF4J: Defaulting to no-operation (NOP) logger implementation
2023-10-15 04:06:52,801 [ERROR] LogOutputStream:75 - [STDERR_REDIRECT] SLF4J: See http://www.slf4j.org/codes.html#StaticLoggerBinder for further details.
2023-10-15 04:07:39,783 [INFO] MainUpdater:2868 - connection check result : 10
2023-10-15 04:07:39,783 [INFO] MainUpdater:2868 - connection check result : 10
2023-10-15 04:07:39,814 [INFO] MicroXplorer:468 - Change Database Path : 
2023-10-15 04:07:39,814 [INFO] MicroXplorer:498 - Change Database Version : DB.6.0.92
2023-10-15 04:07:39,818 [WARN] ThirdParty:871 - waiting for thirdparty lock release [close project]
2023-10-15 04:07:39,818 [INFO] ThirdParty:873 - entering critical section [close project]
2023-10-15 04:07:39,819 [INFO] ThirdParty:883 - exiting critical section [close project]
2023-10-15 04:07:39,821 [INFO] PinOutPanel:1499 - setPackage(No Configuration,No Configuration)
2023-10-15 04:07:39,826 [INFO] UtilMem:75 - Begin LoadConfig() Used Memory: 378265736 Bytes (676331520)
2023-10-15 04:07:39,827 [INFO] MicroXplorer:468 - Change Database Path : 
2023-10-15 04:07:39,827 [INFO] MicroXplorer:498 - Change Database Version : DB.6.0.92
2023-10-15 04:07:39,828 [INFO] OpenFileManager:308 - Change cursor
2023-10-15 04:07:39,856 [INFO] Mcu:1946 - Initializing MCU STM32F103C8Tx STM32F103C8Tx STM32F103C8T6
2023-10-15 04:07:40,561 [INFO] Context:659 - Trying to add GPIOservice into a context  which must be forbidden
2023-10-15 04:07:40,802 [INFO] ImportTextPane:194 - (OptionalMessage_ERROR) Unable to find key (Mcu.ThirdPartyNb) in loaded IOC file
2023-10-15 04:07:40,802 [INFO] ImportTextPane:194 - (OptionalMessage_ERROR) Unable to find key (Mcu.PinsNb) in loaded IOC file
2023-10-15 04:07:40,802 [INFO] ImportTextPane:194 - (OptionalMessage_ERROR) Unable to find key (Mcu.IPNb) in loaded IOC file
2023-10-15 04:07:41,024 [INFO] RtosManager:555 - Registered RTOS mode: class=CMSIS, group=RTOS, mode=CMSIS_V1, owner=FREERTOS
2023-10-15 04:07:41,025 [INFO] RtosManager:555 - Registered RTOS mode: class=CMSIS, group=RTOS2, mode=CMSIS_V2, owner=FREERTOS
2023-10-15 04:07:41,025 [INFO] RtosManager:555 - Registered RTOS mode: class=RTOS, group=Core, mode=CMSIS_V1, owner=FREERTOS
2023-10-15 04:07:41,025 [INFO] RtosManager:555 - Registered RTOS mode: class=RTOS, group=Core, mode=CMSIS_V2, owner=FREERTOS
2023-10-15 04:07:41,025 [WARN] ModelIntegratedComponent:184 - Missing modes for component STMicroelectronics:FreeRTOS:0.0.1:STMicroelectronics:RTOS:FreeRTOS:Core:::10.2.0:
2023-10-15 04:07:41,037 [WARN] ModelIntegratedComponent:63 - No mode defined for component null
2023-10-15 04:07:41,038 [WARN] ModelIntegratedComponent:63 - No mode defined for component null
2023-10-15 04:07:41,038 [WARN] ModelIntegratedComponent:63 - No mode defined for component null
2023-10-15 04:07:41,038 [WARN] ModelIntegratedComponent:63 - No mode defined for component null
2023-10-15 04:07:41,038 [WARN] ModelIntegratedComponent:63 - No mode defined for component null
2023-10-15 04:07:41,038 [WARN] ModelIntegratedComponent:63 - No mode defined for component null
2023-10-15 04:07:41,038 [WARN] ModelIntegratedComponent:63 - No mode defined for component null
2023-10-15 04:07:41,038 [WARN] ModelIntegratedComponent:63 - No mode defined for component null
2023-10-15 04:07:41,038 [WARN] ModelIntegratedComponent:63 - No mode defined for component null
2023-10-15 04:07:41,038 [WARN] ModelIntegratedComponent:63 - No mode defined for component null
2023-10-15 04:07:41,038 [WARN] ModelIntegratedComponent:63 - No mode defined for component null
2023-10-15 04:07:41,038 [WARN] ModelIntegratedComponent:63 - No mode defined for component null
2023-10-15 04:07:41,038 [WARN] ModelIntegratedComponent:63 - No mode defined for component null
2023-10-15 04:07:41,038 [WARN] ModelIntegratedComponent:63 - No mode defined for component null
2023-10-15 04:07:41,038 [WARN] ModelIntegratedComponent:63 - No mode defined for component null
2023-10-15 04:07:41,039 [WARN] ModelIntegratedComponent:63 - No mode defined for component null
2023-10-15 04:07:41,039 [WARN] ModelIntegratedComponent:63 - No mode defined for component null
2023-10-15 04:07:41,039 [WARN] ModelIntegratedComponent:63 - No mode defined for component null
2023-10-15 04:07:41,039 [WARN] ModelIntegratedComponent:63 - No mode defined for component null
2023-10-15 04:07:41,039 [WARN] ModelIntegratedComponent:63 - No mode defined for component null
2023-10-15 04:07:41,039 [WARN] ModelIntegratedComponent:63 - No mode defined for component null
2023-10-15 04:07:41,039 [WARN] ModelIntegratedComponent:63 - No mode defined for component null
2023-10-15 04:07:41,039 [WARN] ModelIntegratedComponent:63 - No mode defined for component null
2023-10-15 04:07:41,039 [WARN] ModelIntegratedComponent:63 - No mode defined for component null
2023-10-15 04:07:41,039 [WARN] ModelIntegratedComponent:63 - No mode defined for component null
2023-10-15 04:07:41,039 [WARN] ModelIntegratedComponent:63 - No mode defined for component null
2023-10-15 04:07:41,039 [WARN] ModelIntegratedComponent:63 - No mode defined for component null
2023-10-15 04:07:41,039 [WARN] ModelIntegratedComponent:63 - No mode defined for component null
2023-10-15 04:07:41,039 [WARN] ModelIntegratedComponent:63 - No mode defined for component null
2023-10-15 04:07:41,039 [WARN] ModelIntegratedComponent:63 - No mode defined for component null
2023-10-15 04:07:41,039 [WARN] ModelIntegratedComponent:63 - No mode defined for component null
2023-10-15 04:07:41,040 [WARN] ModelIntegratedComponent:63 - No mode defined for component null
2023-10-15 04:07:41,040 [WARN] ModelIntegratedComponent:63 - No mode defined for component null
2023-10-15 04:07:41,054 [INFO] ThirdPartyModel:298 - Start build external matchings
2023-10-15 04:07:41,440 [INFO] ThirdPartyModel:316 - End build external matchings
2023-10-15 04:07:41,565 [INFO] UtilMem:75 - End LoadConfig() Used Memory: 574139656 Bytes (968884224)
2023-10-15 04:07:41,571 [WARN] ThirdParty:833 - waiting for thirdparty lock release [change project]
2023-10-15 04:07:41,572 [INFO] ThirdParty:835 - entering critical section [change project]
2023-10-15 04:07:41,572 [INFO] ThirdParty:1030 - CMSIS Pack Vendor :STMicroelectronics X-CUBE-ISPU 1.1.0
2023-10-15 04:07:41,572 [INFO] ThirdParty:1030 - CMSIS Pack Vendor :STMicroelectronics USBPD 4.1
2023-10-15 04:07:41,572 [INFO] ThirdParty:1030 - CMSIS Pack Vendor :STMicroelectronics X-CUBE-GNSS1 6.0.0
2023-10-15 04:07:41,572 [INFO] ThirdParty:1030 - CMSIS Pack Vendor :STMicroelectronics USB_HOST 2.0.0
2023-10-15 04:07:41,572 [INFO] ThirdParty:1030 - CMSIS Pack Vendor :STMicroelectronics X-CUBE-AZRTOS-F4 1.1.0
2023-10-15 04:07:41,572 [INFO] ThirdParty:1030 - CMSIS Pack Vendor :STMicroelectronics LIBJPEG 8.0.0
2023-10-15 04:07:41,572 [INFO] ThirdParty:1030 - CMSIS Pack Vendor :wolfSSL I-CUBE-wolfSSL 5.6.3
2023-10-15 04:07:41,572 [INFO] ThirdParty:1030 - CMSIS Pack Vendor :STMicroelectronics X-CUBE-SMBUS 2.1.0
2023-10-15 04:07:41,573 [INFO] ThirdParty:1030 - CMSIS Pack Vendor :STMicroelectronics USB_DEVICE 3.0.0
2023-10-15 04:07:41,573 [INFO] ThirdParty:1030 - CMSIS Pack Vendor :STMicroelectronics X-CUBE-AZRTOS-WB 2.0.0
2023-10-15 04:07:41,573 [INFO] ThirdParty:1030 - CMSIS Pack Vendor :STMicroelectronics X-CUBE-AZRTOS-F7 1.1.0
2023-10-15 04:07:41,573 [INFO] ThirdParty:1030 - CMSIS Pack Vendor :STMicroelectronics X-CUBE-AZRTOS-L5 2.0.0
2023-10-15 04:07:41,573 [INFO] ThirdParty:1030 - CMSIS Pack Vendor :STMicroelectronics USB_DEVICE 2.0.0
2023-10-15 04:07:41,573 [INFO] ThirdParty:1030 - CMSIS Pack Vendor :STMicroelectronics X-CUBE-MEMS1 9.6.0
2023-10-15 04:07:41,573 [INFO] ThirdParty:1030 - CMSIS Pack Vendor :ITTIA_DB I-CUBE-ITTIADB 8.8.0
2023-10-15 04:07:41,573 [INFO] ThirdParty:1030 - CMSIS Pack Vendor :STMicroelectronics FP-SNS-MOTENV1 4.3.2
2023-10-15 04:07:41,573 [INFO] ThirdParty:1030 - CMSIS Pack Vendor :STMicroelectronics X-CUBE-ALGOBUILD 1.3.0
2023-10-15 04:07:41,573 [INFO] ThirdParty:1030 - CMSIS Pack Vendor :STMicroelectronics FreeRTOS 0.0.1
2023-10-15 04:07:41,573 [INFO] ThirdParty:1030 - CMSIS Pack Vendor :STMicroelectronics X-CUBE-AZRTOS-G0 1.1.0
2023-10-15 04:07:41,573 [INFO] ThirdParty:1030 - CMSIS Pack Vendor :STMicroelectronics X-CUBE-BLEMGR 2.0.0
2023-10-15 04:07:41,573 [INFO] ThirdParty:1030 - CMSIS Pack Vendor :STMicroelectronics X-CUBE-NFC4 3.0.0
2023-10-15 04:07:41,573 [INFO] ThirdParty:1030 - CMSIS Pack Vendor :STMicroelectronics X-CUBE-SUBG2 5.0.0
2023-10-15 04:07:41,574 [INFO] ThirdParty:1030 - CMSIS Pack Vendor :STMicroelectronics STM32_WPAN 1.0.0
2023-10-15 04:07:41,574 [INFO] ThirdParty:1030 - CMSIS Pack Vendor :STMicroelectronics lwIP 2.0.3
2023-10-15 04:07:41,574 [INFO] ThirdParty:1030 - CMSIS Pack Vendor :STMicroelectronics FP-SNS-FLIGHT1 5.0.2
2023-10-15 04:07:41,574 [INFO] ThirdParty:1030 - CMSIS Pack Vendor :STMicroelectronics USB_HOST 1.0.0
2023-10-15 04:07:41,574 [INFO] ThirdParty:1030 - CMSIS Pack Vendor :STMicroelectronics X-CUBE-TOF1 3.3.1
2023-10-15 04:07:41,574 [INFO] ThirdParty:1030 - CMSIS Pack Vendor :STMicroelectronics X-CUBE-AZRTOS-G4 2.0.0
2023-10-15 04:07:41,574 [INFO] ThirdParty:1030 - CMSIS Pack Vendor :STMicroelectronics PDM2PCM 3.1.0
2023-10-15 04:07:41,574 [INFO] ThirdParty:1030 - CMSIS Pack Vendor :STMicroelectronics X-CUBE-AZRTOS-H7 3.1.0
2023-10-15 04:07:41,574 [INFO] ThirdParty:1030 - CMSIS Pack Vendor :Infineon AIROC-Wi-Fi-Bluetooth-STM32 1.5.1
2023-10-15 04:07:41,574 [INFO] ThirdParty:1030 - CMSIS Pack Vendor :STMicroelectronics PDM2PCM 3.3.0
2023-10-15 04:07:41,574 [INFO] ThirdParty:1030 - CMSIS Pack Vendor :STMicroelectronics X-CUBE-DISPLAY 3.0.0
2023-10-15 04:07:41,574 [INFO] ThirdParty:1030 - CMSIS Pack Vendor :STMicroelectronics X-CUBE-BLE1 7.0.0
2023-10-15 04:07:41,574 [INFO] ThirdParty:1030 - CMSIS Pack Vendor :STMicroelectronics FP-ATR-SIGFOX1 3.2.0
2023-10-15 04:07:41,575 [INFO] ThirdParty:1030 - CMSIS Pack Vendor :STMicroelectronics HAL Drivers 0.0.0
2023-10-15 04:07:41,575 [INFO] ThirdParty:1030 - CMSIS Pack Vendor :STMicroelectronics MBEDTLS 2.16.2
2023-10-15 04:07:41,575 [INFO] ThirdParty:1030 - CMSIS Pack Vendor :emotas I-CUBE-CANOPEN 1.3.0
2023-10-15 04:07:41,575 [INFO] ThirdParty:1030 - CMSIS Pack Vendor :STMicroelectronics X-CUBE-FREERTOS 1.1.0
2023-10-15 04:07:41,575 [INFO] ThirdParty:1030 - CMSIS Pack Vendor :STMicroelectronics X-CUBE-NFC7 1.0.1
2023-10-15 04:07:41,575 [INFO] ThirdParty:1030 - CMSIS Pack Vendor :STMicroelectronics MBEDTLS 2.14.1
2023-10-15 04:07:41,575 [INFO] ThirdParty:1030 - CMSIS Pack Vendor :STMicroelectronics X-CUBE-TOUCHGFX 4.22.1
2023-10-15 04:07:41,575 [INFO] ThirdParty:1030 - CMSIS Pack Vendor :STMicroelectronics X-CUBE-NFC6 3.0.0
2023-10-15 04:07:41,575 [INFO] ThirdParty:1030 - CMSIS Pack Vendor :STMicroelectronics X-CUBE-EEPRMA1 4.1.0
2023-10-15 04:07:41,575 [INFO] ThirdParty:1030 - CMSIS Pack Vendor :portGmbH I-Cube-SoM-uGOAL 1.1.0
2023-10-15 04:07:41,575 [INFO] ThirdParty:1030 - CMSIS Pack Vendor :STMicroelectronics X-CUBE-ALS 1.0.1
2023-10-15 04:07:41,575 [INFO] ThirdParty:1030 - CMSIS Pack Vendor :STMicroelectronics ThreadX 1.0.0
2023-10-15 04:07:41,575 [INFO] ThirdParty:1030 - CMSIS Pack Vendor :STMicroelectronics FP-SNS-SMARTAG2 1.2.0
2023-10-15 04:07:41,575 [INFO] ThirdParty:1030 - CMSIS Pack Vendor :STMicroelectronics X-CUBE-AZRTOS-WL 2.0.0
2023-10-15 04:07:41,575 [INFO] ThirdParty:1030 - CMSIS Pack Vendor :SEGGER I-CUBE-embOS 1.3.1
2023-10-15 04:07:41,576 [INFO] ThirdParty:1030 - CMSIS Pack Vendor :STMicroelectronics USB_DEVICE 1.0.0
2023-10-15 04:07:41,576 [INFO] ThirdParty:1030 - CMSIS Pack Vendor :STMicroelectronics X-CUBE-AI 8.1.0
2023-10-15 04:07:41,576 [INFO] ThirdParty:1030 - CMSIS Pack Vendor :STMicroelectronics X-CUBE-AZRTOS-L4 2.0.0
2023-10-15 04:07:41,576 [INFO] ThirdParty:1030 - CMSIS Pack Vendor :STMicroelectronics ThreadX 0.0.2
2023-10-15 04:07:41,576 [INFO] ThirdParty:1030 - CMSIS Pack Vendor :WES I-CUBE-Cesium 1.3.0
2023-10-15 04:07:41,576 [INFO] ThirdParty:1030 - CMSIS Pack Vendor :STMicroelectronics FP-ATR-ASTRA1 2.0.0
2023-10-15 04:07:41,576 [INFO] ThirdParty:1030 - CMSIS Pack Vendor :STMicroelectronics lwIP 2.1.2
2023-10-15 04:07:41,576 [INFO] ThirdParty:1030 - CMSIS Pack Vendor :STMicroelectronics X-CUBE-SFXS2LP1 4.0.0
2023-10-15 04:07:41,576 [INFO] ThirdParty:1030 - CMSIS Pack Vendor :STMicroelectronics X-CUBE-BLE2 3.3.0
2023-10-15 04:07:41,576 [INFO] ThirdParty:1030 - CMSIS Pack Vendor :STMicroelectronics PDM2PCM 3.2.0
2023-10-15 04:07:41,576 [INFO] ThirdParty:841 - exiting critical section [change project]
2023-10-15 04:07:41,849 [INFO] PinOutPanel:1499 - setPackage(No Configuration,No Configuration)
2023-10-15 04:07:41,850 [INFO] PinOutPanel:1499 - setPackage(STM32F103C8Tx,LQFP48)
2023-10-15 04:07:42,247 [INFO] UtilMem:75 - Before build in PCC Used Memory: 741562920 Bytes (968884224)
2023-10-15 04:07:42,680 [INFO] UtilMem:75 - After build in PCC Used Memory: 895090136 Bytes (968884224)
2023-10-15 04:07:42,717 [INFO] IPUIPlugin:80 - create IPUIPlugin
2023-10-15 04:07:42,718 [INFO] IPUIPlugin:80 - create IPUIPlugin
2023-10-15 04:07:42,718 [INFO] IPUIPlugin:80 - create IPUIPlugin
2023-10-15 04:07:42,718 [INFO] IPUIPlugin:80 - create IPUIPlugin
2023-10-15 04:07:42,718 [INFO] IPUIPlugin:80 - create IPUIPlugin
2023-10-15 04:07:42,718 [INFO] IPUIPlugin:80 - create IPUIPlugin
2023-10-15 04:07:42,719 [INFO] IPUIPlugin:80 - create IPUIPlugin
2023-10-15 04:07:42,719 [INFO] IPUIPlugin:80 - create IPUIPlugin
2023-10-15 04:07:42,719 [INFO] IPUIPlugin:80 - create IPUIPlugin
2023-10-15 04:07:42,719 [INFO] IPUIPlugin:80 - create IPUIPlugin
2023-10-15 04:07:42,719 [INFO] IPUIPlugin:80 - create IPUIPlugin
2023-10-15 04:07:42,719 [INFO] IPUIPlugin:80 - create IPUIPlugin
2023-10-15 04:07:42,720 [INFO] IPUIPlugin:80 - create IPUIPlugin
2023-10-15 04:07:42,720 [INFO] IPUIPlugin:80 - create IPUIPlugin
2023-10-15 04:07:42,720 [INFO] IPUIPlugin:80 - create IPUIPlugin
2023-10-15 04:07:42,720 [INFO] IPUIPlugin:80 - create IPUIPlugin
2023-10-15 04:07:42,721 [INFO] IPUIPlugin:80 - create IPUIPlugin
2023-10-15 04:07:42,721 [INFO] IPUIPlugin:80 - create IPUIPlugin
2023-10-15 04:07:42,721 [INFO] IPUIPlugin:80 - create IPUIPlugin
2023-10-15 04:07:42,721 [INFO] IPUIPlugin:80 - create IPUIPlugin
2023-10-15 04:07:42,722 [INFO] IPUIPlugin:80 - create IPUIPlugin
2023-10-15 04:07:42,722 [INFO] IPUIPlugin:80 - create IPUIPlugin
2023-10-15 04:07:42,722 [INFO] IPUIPlugin:80 - create IPUIPlugin
2023-10-15 04:07:42,722 [INFO] IPUIPlugin:80 - create IPUIPlugin
2023-10-15 04:07:42,723 [INFO] IPUIPlugin:80 - create IPUIPlugin
2023-10-15 04:07:42,723 [INFO] IPUIPlugin:80 - create IPUIPlugin
2023-10-15 04:07:42,723 [INFO] IPUIPlugin:80 - create IPUIPlugin
2023-10-15 04:07:42,841 [INFO] CADModel:165 - CPN selected for project levelSTM32F103C8T6
2023-10-15 04:07:42,841 [INFO] CADModel:114 - Register for checkConnection events
2023-10-15 04:07:42,879 [INFO] OpenFileManager:328 - Restore cursor
2023-10-15 04:07:43,195 [INFO] UtilMem:75 - End SaveConfig() Used Memory: 473914200 Bytes (968884224)
2023-10-15 04:07:43,237 [INFO] UtilMem:75 - End SaveConfig() Used Memory: 485401984 Bytes (968884224)
2023-10-15 04:07:43,698 [INFO] BlockDiagram:2759 - set Specific Code input for plugin: NVIC
2023-10-15 04:07:43,698 [INFO] BlockDiagram:2759 - set Specific Code input for plugin: RCC
2023-10-15 04:07:43,699 [INFO] CodeGenerator:799 - code generatio: config db path: /opt/st/stm32cubeide_1.13.2/plugins/com.st.stm32cube.common.mx_6.9.2.202309101412//db/
2023-10-15 04:07:44,078 [INFO] CodeEngine:255 - oldGeneratedFile, /home/ahmed-ferganey/Desktop/MyGitHub/GraduationProject/Dashboard/CubeIDE/Dashboard/Dashboard/MXTmpFiles/license.tmp_save
2023-10-15 04:07:44,366 [INFO] CodeEngine:279 - Generated code: /home/ahmed-ferganey/Desktop/MyGitHub/GraduationProject/Dashboard/CubeIDE/Dashboard/Dashboard/MXTmpFiles/license.tmp
2023-10-15 04:07:44,375 [INFO] CodeEngine:255 - oldGeneratedFile, /home/ahmed-ferganey/Desktop/MyGitHub/GraduationProject/Dashboard/CubeIDE/Dashboard/Dashboard/Core/Src/stm32f1xx_it.c_save
2023-10-15 04:07:44,511 [INFO] CodeEngine:279 - Generated code: /home/ahmed-ferganey/Desktop/MyGitHub/GraduationProject/Dashboard/CubeIDE/Dashboard/Dashboard/Core/Src/stm32f1xx_it.c
2023-10-15 04:07:44,513 [INFO] CodeEngine:255 - oldGeneratedFile, /home/ahmed-ferganey/Desktop/MyGitHub/GraduationProject/Dashboard/CubeIDE/Dashboard/Dashboard/Core/Inc/stm32f1xx_it.h_save
2023-10-15 04:07:44,610 [INFO] CodeEngine:279 - Generated code: /home/ahmed-ferganey/Desktop/MyGitHub/GraduationProject/Dashboard/CubeIDE/Dashboard/Dashboard/Core/Inc/stm32f1xx_it.h
2023-10-15 04:07:44,689 [INFO] CodeEngine:255 - oldGeneratedFile, /home/ahmed-ferganey/Desktop/MyGitHub/GraduationProject/Dashboard/CubeIDE/Dashboard/Dashboard/Core/Src/stm32f1xx_hal_msp.c_save
2023-10-15 04:07:44,850 [INFO] CodeEngine:279 - Generated code: /home/ahmed-ferganey/Desktop/MyGitHub/GraduationProject/Dashboard/CubeIDE/Dashboard/Dashboard/Core/Src/stm32f1xx_hal_msp.c
2023-10-15 04:07:44,852 [INFO] CodeEngine:255 - oldGeneratedFile, /home/ahmed-ferganey/Desktop/MyGitHub/GraduationProject/Dashboard/CubeIDE/Dashboard/Dashboard/MXTmpFiles/system.tmp_save
2023-10-15 04:07:44,954 [INFO] CodeEngine:279 - Generated code: /home/ahmed-ferganey/Desktop/MyGitHub/GraduationProject/Dashboard/CubeIDE/Dashboard/Dashboard/MXTmpFiles/system.tmp
2023-10-15 04:07:44,959 [INFO] CodeEngine:311 - oldGeneratedFile, /home/ahmed-ferganey/Desktop/MyGitHub/GraduationProject/Dashboard/CubeIDE/Dashboard/Dashboard/Core/Inc/stm32f1xx_hal_conf.h_save
2023-10-15 04:07:45,075 [INFO] CodeEngine:335 - Generated code: /home/ahmed-ferganey/Desktop/MyGitHub/GraduationProject/Dashboard/CubeIDE/Dashboard/Dashboard/Core/Inc/stm32f1xx_hal_conf.h
2023-10-15 04:07:45,129 [INFO] CodeEngine:255 - oldGeneratedFile, /home/ahmed-ferganey/Desktop/MyGitHub/GraduationProject/Dashboard/CubeIDE/Dashboard/Dashboard/Core/Inc/main.h_save
2023-10-15 04:07:45,272 [INFO] CodeEngine:279 - Generated code: /home/ahmed-ferganey/Desktop/MyGitHub/GraduationProject/Dashboard/CubeIDE/Dashboard/Dashboard/Core/Inc/main.h
2023-10-15 04:07:45,274 [INFO] CodeEngine:255 - oldGeneratedFile, /home/ahmed-ferganey/Desktop/MyGitHub/GraduationProject/Dashboard/CubeIDE/Dashboard/Dashboard/Core/Src/main.c_save
2023-10-15 04:07:45,475 [INFO] CodeEngine:279 - Generated code: /home/ahmed-ferganey/Desktop/MyGitHub/GraduationProject/Dashboard/CubeIDE/Dashboard/Dashboard/Core/Src/main.c
2023-10-15 04:07:46,430 [INFO] ProjectBuilder:3064 - Time for Copy HAL[1] : 41mS.
2023-10-15 04:07:46,437 [INFO] ProjectBuilder:4404 - Project Generator version: 4.1.0
2023-10-15 04:07:46,822 [INFO] ConfigFileManager:1457 - The Die is : DIE410
2023-10-15 04:07:46,839 [INFO] ApiDbMcu:507 - Load IP Config File for FATFS
2023-10-15 04:07:46,889 [INFO] ApiDbMcu:507 - Load IP Config File for FREERTOS
2023-10-15 04:07:46,920 [INFO] ApiDbMcu:507 - Load IP Config File for USB_DEVICE
2023-10-15 04:07:48,152 [INFO] LogOutputStream:77 - [STDOUT_REDIRECT] 
2023-10-15 04:07:56,733 [INFO] ProjectBuilder:4626 - Time for Generating toolchain IDE Files: 10296mS.
2023-10-15 04:07:56,734 [INFO] ProjectBuilder:2935 - Time for Copy CMSIS : 1mS.
2023-10-15 04:07:56,735 [INFO] ProjectBuilder:2935 - Time for Copy CMSIS : 1mS.
2023-10-15 04:07:57,364 [INFO] McuFinderGlobals:76 - Set McuFinderConnectedMode to true
2023-10-15 04:07:57,369 [INFO] ApiDb:448 - Save user favorites file /home/ahmed-ferganey/.stm32cubeide/favorites.mcus.txt: 0 item(s)
2023-10-15 04:07:57,370 [INFO] ApiDb:452 - User favorites MCUs=[]
