2023-10-19 02:29:32,542 [INFO] Activator:176 - 


2023-10-19 02:29:32,548 [INFO] Activator:177 - !SESSION log4j initialized
2023-10-19 02:29:36,822 [INFO] LogOutputStream:77 - [STDOUT_REDIRECT] 
2023-10-19 02:29:47,285 [INFO] ApplicationProperties:184 - Using Application install path: /opt/st/stm32cubeide_1.13.2/plugins/com.st.stm32cube.common.mx_6.9.2.202309101412
2023-10-19 02:29:47,300 [INFO] DbMcusXml:78 - Set database path to: /opt/st/stm32cubeide_1.13.2/plugins/com.st.stm32cube.common.mx_6.9.2.202309101412//db//mcu/
2023-10-19 02:29:47,300 [INFO] ApiDb:274 - Set plugin database path to: /opt/st/stm32cubeide_1.13.2/plugins/com.st.stm32cube.common.mx_6.9.2.202309101412//db//plugins/boardmanager/
2023-10-19 02:29:47,301 [WARN] ApiDb:259 - Overriding images path with different value:  => /opt/st/stm32cubeide_1.13.2/plugins/com.st.stm32cube.common.mx_6.9.2.202309101412//db//plugins/mcufinder/images/
2023-10-19 02:29:47,309 [INFO] ApiDb:250 - Set database path to: /home/ahmed-ferganey/.stmcufinder/plugins/mcufinder//mcu/
2023-10-19 02:29:47,310 [INFO] DbMcusAds:125 - Set database path to: /home/ahmed-ferganey/.stmcufinder/plugins/mcufinder//mcu/
2023-10-19 02:29:47,312 [INFO] CrossReferenceDbSqlite:203 - Set database path to: /home/ahmed-ferganey/.stmcufinder/plugins/mcufinder//mcu/cs/
2023-10-19 02:29:47,433 [INFO] RulesReader:64 - Compatibility file has been processed (293 Rules)
2023-10-19 02:29:47,490 [INFO] DbMcusXml:78 - Set database path to: /opt/st/stm32cubeide_1.13.2/plugins/com.st.stm32cube.common.mx_6.9.2.202309101412//db//mcu/
2023-10-19 02:29:47,490 [INFO] ApiDb:274 - Set plugin database path to: /opt/st/stm32cubeide_1.13.2/plugins/com.st.stm32cube.common.mx_6.9.2.202309101412//db//plugins/boardmanager/
2023-10-19 02:29:47,490 [INFO] ApiDb:261 - Set plugin images path to: /opt/st/stm32cubeide_1.13.2/plugins/com.st.stm32cube.common.mx_6.9.2.202309101412//db//plugins/mcufinder/images/
2023-10-19 02:29:47,491 [WARN] DbFile:41 - Overriding database path with different value: /home/ahmed-ferganey/.stmcufinder/plugins/mcufinder/ => /home/ahmed-ferganey/.stmcufinder/plugins/mcufinder
2023-10-19 02:29:47,491 [INFO] ApiDb:250 - Set database path to: /home/ahmed-ferganey/.stmcufinder/plugins/mcufinder//mcu/
2023-10-19 02:29:47,491 [WARN] DbFile:41 - Overriding database path with different value: /home/ahmed-ferganey/.stmcufinder/plugins/mcufinder/ => /home/ahmed-ferganey/.stmcufinder/plugins/mcufinder
2023-10-19 02:29:47,491 [INFO] DbMcusAds:125 - Set database path to: /home/ahmed-ferganey/.stmcufinder/plugins/mcufinder//mcu/
2023-10-19 02:29:47,492 [WARN] DbFile:41 - Overriding database path with different value: /home/ahmed-ferganey/.stmcufinder/plugins/mcufinder/ => /home/ahmed-ferganey/.stmcufinder/plugins/mcufinder
2023-10-19 02:29:47,492 [WARN] DbFile:41 - Overriding database path with different value: /home/ahmed-ferganey/.stmcufinder/plugins/mcufinder/ => /home/ahmed-ferganey/.stmcufinder/plugins/mcufinder
2023-10-19 02:29:47,492 [INFO] CrossReferenceDbSqlite:203 - Set database path to: /home/ahmed-ferganey/.stmcufinder/plugins/mcufinder//mcu/cs/
2023-10-19 02:29:47,545 [INFO] MainPanel:262 - HeapMemory: 268435456
2023-10-19 02:29:47,607 [INFO] DbMcusXml:78 - Set database path to: /opt/st/stm32cubeide_1.13.2/plugins/com.st.stm32cube.common.mx_6.9.2.202309101412//db//mcu/
2023-10-19 02:29:47,608 [INFO] ApiDb:274 - Set plugin database path to: /opt/st/stm32cubeide_1.13.2/plugins/com.st.stm32cube.common.mx_6.9.2.202309101412//db//plugins/boardmanager/
2023-10-19 02:29:47,608 [INFO] ApiDb:261 - Set plugin images path to: /opt/st/stm32cubeide_1.13.2/plugins/com.st.stm32cube.common.mx_6.9.2.202309101412//db//plugins/mcufinder/images/
2023-10-19 02:29:47,608 [WARN] DbFile:41 - Overriding database path with different value: /home/ahmed-ferganey/.stmcufinder/plugins/mcufinder/ => /home/ahmed-ferganey/.stmcufinder/plugins/mcufinder
2023-10-19 02:29:47,608 [INFO] ApiDb:250 - Set database path to: /home/ahmed-ferganey/.stmcufinder/plugins/mcufinder//mcu/
2023-10-19 02:29:47,608 [WARN] DbFile:41 - Overriding database path with different value: /home/ahmed-ferganey/.stmcufinder/plugins/mcufinder/ => /home/ahmed-ferganey/.stmcufinder/plugins/mcufinder
2023-10-19 02:29:47,608 [INFO] DbMcusAds:125 - Set database path to: /home/ahmed-ferganey/.stmcufinder/plugins/mcufinder//mcu/
2023-10-19 02:29:47,608 [WARN] DbFile:41 - Overriding database path with different value: /home/ahmed-ferganey/.stmcufinder/plugins/mcufinder/ => /home/ahmed-ferganey/.stmcufinder/plugins/mcufinder
2023-10-19 02:29:47,608 [WARN] DbFile:41 - Overriding database path with different value: /home/ahmed-ferganey/.stmcufinder/plugins/mcufinder/ => /home/ahmed-ferganey/.stmcufinder/plugins/mcufinder
2023-10-19 02:29:47,608 [INFO] CrossReferenceDbSqlite:203 - Set database path to: /home/ahmed-ferganey/.stmcufinder/plugins/mcufinder//mcu/cs/
2023-10-19 02:29:47,619 [INFO] ApplicationProperties:184 - Using Application install path: /opt/st/stm32cubeide_1.13.2/plugins/com.st.stm32cube.common.mx_6.9.2.202309101412
2023-10-19 02:29:47,620 [INFO] PluginManage:196 - Search for loadable plugins [exclusion list=, ]
2023-10-19 02:29:47,621 [INFO] PluginManage:310 - Check plugin analytics
2023-10-19 02:29:47,738 [INFO] AnalyticsPlugin:253 - Accepted Software Licenses: STM32CubeMX.6.9.2
2023-10-19 02:29:47,738 [INFO] AnalyticsPlugin:255 - Accepted CMSIS Pack Licenses: 
2023-10-19 02:29:47,739 [INFO] AnalyticsPlugin:257 - Accepted Firmware Licenses: 
2023-10-19 02:29:47,741 [INFO] PluginManage:359 - Loaded plugin analytics (category:tool,tabindex:-1)
2023-10-19 02:29:47,741 [INFO] PluginManage:310 - Check plugin cadmodel
2023-10-19 02:29:47,765 [INFO] CADModel:105 - Init CAD model plugin
2023-10-19 02:29:47,766 [INFO] PluginManage:359 - Loaded plugin cadmodel (category:power,tabindex:5)
2023-10-19 02:29:47,766 [INFO] PluginManage:310 - Check plugin clock
2023-10-19 02:29:47,773 [INFO] PluginManage:359 - Loaded plugin clock (category:base,tabindex:2)
2023-10-19 02:29:47,773 [INFO] PluginManage:310 - Check plugin ddr
2023-10-19 02:29:47,774 [INFO] PluginManage:359 - Loaded plugin ddr (category:tool,tabindex:6)
2023-10-19 02:29:47,774 [INFO] PluginManage:310 - Check plugin filemanager
2023-10-19 02:29:47,870 [INFO] PluginManage:359 - Loaded plugin filemanager (category:base,tabindex:10)
2023-10-19 02:29:47,870 [INFO] PluginManage:310 - Check plugin ipmanager
2023-10-19 02:29:47,875 [INFO] PluginManage:359 - Loaded plugin ipmanager (category:base,tabindex:5)
2023-10-19 02:29:47,875 [INFO] PluginManage:310 - Check plugin lpbam
2023-10-19 02:29:47,881 [INFO] PluginManage:359 - Loaded plugin lpbam (category:base,tabindex:0)
2023-10-19 02:29:47,881 [INFO] PluginManage:310 - Check plugin memorymap
2023-10-19 02:29:47,889 [INFO] PluginManage:359 - Loaded plugin memorymap (category:base,tabindex:4)
2023-10-19 02:29:47,890 [INFO] PluginManage:310 - Check plugin pinoutandconfiguration
2023-10-19 02:29:47,894 [INFO] PluginManage:359 - Loaded plugin pinoutandconfiguration (category:base,tabindex:1)
2023-10-19 02:29:47,894 [INFO] PluginManage:310 - Check plugin pinoutconfig
2023-10-19 02:29:47,959 [WARN] SupportedApi:132 - Cannot load RTOS API schema: s4s-elt-must-match.1: The content of 'definitions' must match (annotation?, (simpleType | complexType)?, (unique | key | keyref)*)). A problem was found starting at: attribute.
2023-10-19 02:29:48,070 [INFO] PluginManage:359 - Loaded plugin pinoutconfig (category:base,tabindex:0)
2023-10-19 02:29:48,070 [INFO] PluginManage:310 - Check plugin power
2023-10-19 02:29:48,076 [INFO] PluginManage:359 - Loaded plugin power (category:power,tabindex:4)
2023-10-19 02:29:48,076 [INFO] PluginManage:310 - Check plugin projectmanager
2023-10-19 02:29:48,088 [INFO] PluginManage:359 - Loaded plugin projectmanager (category:projectmanager,tabindex:3)
2023-10-19 02:29:48,088 [INFO] PluginManage:310 - Check plugin thirdparty
2023-10-19 02:29:48,183 [WARN] IntegrityCheckThread:84 - waiting for thirdparty lock release [integrity check]
2023-10-19 02:29:48,183 [INFO] PluginManage:359 - Loaded plugin thirdparty (category:base,tabindex:-1)
2023-10-19 02:29:48,184 [INFO] IntegrityCheckThread:86 - entering critical section [integrity check]
2023-10-19 02:29:48,184 [INFO] PluginManage:310 - Check plugin tools
2023-10-19 02:29:48,184 [INFO] ThirdPartyUpdaterWithRetryManager:70 - Updater plugin not ready yet. [1/15]
2023-10-19 02:29:48,186 [INFO] PluginManage:359 - Loaded plugin tools (category:base,tabindex:7)
2023-10-19 02:29:48,186 [INFO] PluginManage:310 - Check plugin tutovideos
2023-10-19 02:29:48,308 [INFO] PluginManage:359 - Loaded plugin tutovideos (category:base,tabindex:-1)
2023-10-19 02:29:48,308 [INFO] PluginManage:310 - Check plugin updater
2023-10-19 02:29:48,316 [INFO] PluginManage:359 - Loaded plugin updater (category:base,tabindex:12)
2023-10-19 02:29:48,316 [INFO] PluginManage:310 - Check plugin userauth
2023-10-19 02:29:48,319 [INFO] UserAuth:113 - Init User Auth plugin
2023-10-19 02:29:48,319 [INFO] PluginManage:359 - Loaded plugin userauth (category:base,tabindex:14)
2023-10-19 02:29:48,319 [INFO] PluginManage:283 - PluginManage : Loaded plugins [17]
2023-10-19 02:29:48,454 [INFO] PinOutPanel:1499 - setPackage(No Configuration,No Configuration)
2023-10-19 02:29:48,515 [INFO] CADModel:165 - CPN selected for project level
2023-10-19 02:29:48,516 [INFO] CADModel:114 - Register for checkConnection events
2023-10-19 02:29:48,524 [INFO] IPUIPlugin:80 - create IPUIPlugin
2023-10-19 02:29:48,524 [INFO] PluginManager:220 - loadIPPluginJar : add sai
2023-10-19 02:29:48,525 [INFO] IPUIPlugin:80 - create IPUIPlugin
2023-10-19 02:29:48,526 [INFO] PluginManager:220 - loadIPPluginJar : add i2s
2023-10-19 02:29:48,527 [INFO] IPUIPlugin:80 - create IPUIPlugin
2023-10-19 02:29:48,527 [INFO] PluginManager:220 - loadIPPluginJar : add i3c
2023-10-19 02:29:48,532 [INFO] IPUIPlugin:80 - create IPUIPlugin
2023-10-19 02:29:48,532 [INFO] PluginManager:220 - loadIPPluginJar : add linkedlist
2023-10-19 02:29:48,536 [INFO] IPUIPlugin:80 - create IPUIPlugin
2023-10-19 02:29:48,536 [INFO] PluginManager:220 - loadIPPluginJar : add stm32_wpan
2023-10-19 02:29:48,538 [INFO] IPUIPlugin:80 - create IPUIPlugin
2023-10-19 02:29:48,538 [INFO] PluginManager:220 - loadIPPluginJar : add gtzc
2023-10-19 02:29:48,539 [INFO] IPUIPlugin:80 - create IPUIPlugin
2023-10-19 02:29:48,540 [INFO] PluginManager:220 - loadIPPluginJar : add touchsensing
2023-10-19 02:29:48,541 [INFO] IPUIPlugin:80 - create IPUIPlugin
2023-10-19 02:29:48,541 [INFO] PluginManager:220 - loadIPPluginJar : add opamp
2023-10-19 02:29:48,542 [INFO] IPUIPlugin:80 - create IPUIPlugin
2023-10-19 02:29:48,542 [INFO] PluginManager:220 - loadIPPluginJar : add ltdc
2023-10-19 02:29:48,542 [INFO] IPUIPlugin:80 - create IPUIPlugin
2023-10-19 02:29:48,542 [INFO] PluginManager:220 - loadIPPluginJar : add quadspi
2023-10-19 02:29:48,544 [INFO] IPUIPlugin:80 - create IPUIPlugin
2023-10-19 02:29:48,544 [INFO] PluginManager:220 - loadIPPluginJar : add pdm2pcm
2023-10-19 02:29:48,546 [INFO] IPUIPlugin:80 - create IPUIPlugin
2023-10-19 02:29:48,546 [INFO] PluginManager:220 - loadIPPluginJar : add aes
2023-10-19 02:29:48,548 [INFO] IPUIPlugin:80 - create IPUIPlugin
2023-10-19 02:29:48,548 [INFO] PluginManager:220 - loadIPPluginJar : add ipddr
2023-10-19 02:29:48,551 [INFO] IPUIPlugin:80 - create IPUIPlugin
2023-10-19 02:29:48,551 [INFO] PluginManager:220 - loadIPPluginJar : add gpio
2023-10-19 02:29:48,553 [INFO] IPUIPlugin:80 - create IPUIPlugin
2023-10-19 02:29:48,553 [INFO] PluginManager:220 - loadIPPluginJar : add openamp
2023-10-19 02:29:48,557 [INFO] IPUIPlugin:80 - create IPUIPlugin
2023-10-19 02:29:48,557 [INFO] PluginManager:220 - loadIPPluginJar : add mdma
2023-10-19 02:29:48,559 [INFO] IPUIPlugin:80 - create IPUIPlugin
2023-10-19 02:29:48,559 [INFO] PluginManager:220 - loadIPPluginJar : add nvic
2023-10-19 02:29:48,560 [INFO] IPUIPlugin:80 - create IPUIPlugin
2023-10-19 02:29:48,560 [INFO] PluginManager:220 - loadIPPluginJar : add hash
2023-10-19 02:29:48,562 [INFO] IPUIPlugin:80 - create IPUIPlugin
2023-10-19 02:29:48,563 [INFO] PluginManager:220 - loadIPPluginJar : add usbx
2023-10-19 02:29:48,564 [INFO] IPUIPlugin:80 - create IPUIPlugin
2023-10-19 02:29:48,564 [INFO] PluginManager:220 - loadIPPluginJar : add i2c
2023-10-19 02:29:48,566 [INFO] IPUIPlugin:80 - create IPUIPlugin
2023-10-19 02:29:48,566 [INFO] PluginManager:220 - loadIPPluginJar : add dfsdm
2023-10-19 02:29:48,567 [INFO] IPUIPlugin:80 - create IPUIPlugin
2023-10-19 02:29:48,567 [INFO] PluginManager:220 - loadIPPluginJar : add usart
2023-10-19 02:29:48,569 [INFO] IPUIPlugin:80 - create IPUIPlugin
2023-10-19 02:29:48,569 [INFO] PluginManager:220 - loadIPPluginJar : add ucpd
2023-10-19 02:29:48,570 [INFO] IPUIPlugin:80 - create IPUIPlugin
2023-10-19 02:29:48,570 [INFO] PluginManager:220 - loadIPPluginJar : add genericplugin
2023-10-19 02:29:48,571 [INFO] IPUIPlugin:80 - create IPUIPlugin
2023-10-19 02:29:48,571 [INFO] PluginManager:220 - loadIPPluginJar : add comp
2023-10-19 02:29:48,572 [INFO] IPUIPlugin:80 - create IPUIPlugin
2023-10-19 02:29:48,572 [INFO] PluginManager:220 - loadIPPluginJar : add cryp
2023-10-19 02:29:48,576 [INFO] IPUIPlugin:80 - create IPUIPlugin
2023-10-19 02:29:48,578 [INFO] PluginManager:220 - loadIPPluginJar : add plateformsettings
2023-10-19 02:29:48,579 [INFO] IPUIPlugin:80 - create IPUIPlugin
2023-10-19 02:29:48,579 [INFO] PluginManager:220 - loadIPPluginJar : add dma3
2023-10-19 02:29:48,580 [INFO] IPUIPlugin:80 - create IPUIPlugin
2023-10-19 02:29:48,580 [INFO] PluginManager:220 - loadIPPluginJar : add can
2023-10-19 02:29:48,584 [INFO] IPUIPlugin:80 - create IPUIPlugin
2023-10-19 02:29:48,584 [INFO] PluginManager:220 - loadIPPluginJar : add gic
2023-10-19 02:29:48,585 [INFO] IPUIPlugin:80 - create IPUIPlugin
2023-10-19 02:29:48,585 [INFO] PluginManager:220 - loadIPPluginJar : add tim
2023-10-19 02:29:48,586 [INFO] IPUIPlugin:80 - create IPUIPlugin
2023-10-19 02:29:48,586 [INFO] PluginManager:220 - loadIPPluginJar : add spi
2023-10-19 02:29:48,587 [INFO] IPUIPlugin:80 - create IPUIPlugin
2023-10-19 02:29:48,587 [INFO] PluginManager:220 - loadIPPluginJar : add fatfs
2023-10-19 02:29:48,588 [INFO] IPUIPlugin:80 - create IPUIPlugin
2023-10-19 02:29:48,588 [INFO] PluginManager:220 - loadIPPluginJar : add ts
2023-10-19 02:29:48,592 [INFO] IPUIPlugin:80 - create IPUIPlugin
2023-10-19 02:29:48,592 [INFO] PluginManager:220 - loadIPPluginJar : add dma
2023-10-19 02:29:48,596 [INFO] IPUIPlugin:80 - create IPUIPlugin
2023-10-19 02:29:48,596 [INFO] PluginManager:220 - loadIPPluginJar : add adc
2023-10-19 02:29:48,598 [INFO] IPUIPlugin:80 - create IPUIPlugin
2023-10-19 02:29:48,598 [INFO] PluginManager:220 - loadIPPluginJar : add lorawan
2023-10-19 02:29:48,599 [INFO] IPUIPlugin:80 - create IPUIPlugin
2023-10-19 02:29:48,599 [INFO] PluginManager:220 - loadIPPluginJar : add tsc
2023-10-19 02:29:48,601 [INFO] IPUIPlugin:80 - create IPUIPlugin
2023-10-19 02:29:48,601 [INFO] PluginManager:220 - loadIPPluginJar : add resmgrutility
2023-10-19 02:29:48,602 [INFO] IPUIPlugin:80 - create IPUIPlugin
2023-10-19 02:29:48,602 [INFO] PluginManager:220 - loadIPPluginJar : add gfxmmu
2023-10-19 02:29:48,605 [INFO] IPUIPlugin:80 - create IPUIPlugin
2023-10-19 02:29:48,605 [INFO] PluginManager:220 - loadIPPluginJar : add freertos
2023-10-19 02:29:48,608 [INFO] IPUIPlugin:80 - create IPUIPlugin
2023-10-19 02:29:48,609 [INFO] PluginManager:220 - loadIPPluginJar : add fmc
2023-10-19 02:29:48,610 [INFO] IPUIPlugin:80 - create IPUIPlugin
2023-10-19 02:29:48,610 [INFO] PluginManager:220 - loadIPPluginJar : add tracer_emb
2023-10-19 02:29:48,702 [INFO] CADModel:165 - CPN selected for project level
2023-10-19 02:29:48,702 [INFO] CADModel:114 - Register for checkConnection events
2023-10-19 02:29:48,702 [FATAL] Updater:308 - Updater called before beeing initialized
2023-10-19 02:29:48,702 [ERROR] CADModel:125 - Updater not yet initialized, retry later 
2023-10-19 02:29:48,786 [INFO] CADModel:165 - CPN selected for project level
2023-10-19 02:29:48,786 [INFO] CADModel:114 - Register for checkConnection events
2023-10-19 02:29:48,786 [FATAL] Updater:308 - Updater called before beeing initialized
2023-10-19 02:29:48,786 [ERROR] CADModel:125 - Updater not yet initialized, retry later 
2023-10-19 02:29:48,789 [FATAL] Updater:308 - Updater called before beeing initialized
2023-10-19 02:29:48,865 [FATAL] Updater:308 - Updater called before beeing initialized
2023-10-19 02:29:48,871 [INFO] DbMcusAds:53 - JSON generation date=Tue Mar 07 10:50:55 EET 2023 (1678179055114)
2023-10-19 02:29:48,871 [FATAL] Updater:308 - Updater called before beeing initialized
2023-10-19 02:29:48,916 [WARN] DetailPanel:346 - Failed to get advertising image, set to default
2023-10-19 02:29:49,008 [FATAL] Updater:308 - Updater called before beeing initialized
2023-10-19 02:29:49,010 [FATAL] Updater:308 - Updater called before beeing initialized
2023-10-19 02:29:49,010 [FATAL] Updater:308 - Updater called before beeing initialized
2023-10-19 02:29:49,010 [WARN] DetailPanel:346 - Failed to get advertising image, set to default
2023-10-19 02:29:49,011 [FATAL] Updater:308 - Updater called before beeing initialized
2023-10-19 02:29:49,039 [ERROR] Updater:1120 - MainUpdater not yet initialized. External WinMGr cannot be set.
2023-10-19 02:29:49,041 [INFO] Updater:1056 - Updater Version found : 6.9.2
2023-10-19 02:29:49,058 [INFO] ApplicationProperties:184 - Using Application install path: /opt/st/stm32cubeide_1.13.2/plugins/com.st.stm32cube.common.mx_6.9.2.202309101412
2023-10-19 02:29:50,108 [INFO] MainUpdater:2868 - connection check result : 10
2023-10-19 02:29:50,109 [INFO] MainUpdater:285 - Updater Check For Update Now.
2023-10-19 02:29:50,109 [INFO] MicroXplorer:498 - Change Database Version : DB.6.0.92
2023-10-19 02:29:50,113 [INFO] McuFinderGlobals:63 - Set McuFinder mode to 2 (CubeIDE integrated)
2023-10-19 02:29:50,282 [INFO] CheckServerUpdateThread:120 - End of CheckServer Thread
2023-10-19 02:29:51,286 [WARN] PackLoader:240 - Cannot read IP mode file for STMicroelectronics.X-CUBE-SMBUS.2.1.0
2023-10-19 02:29:51,313 [WARN] PackLoader:240 - Cannot read IP mode file for STMicroelectronics.X-CUBE-AZRTOS-F7.1.1.0
2023-10-19 02:29:51,321 [WARN] PackLoader:240 - Cannot read IP mode file for STMicroelectronics.FP-SNS-MOTENV1.4.3.2
2023-10-19 02:29:51,325 [WARN] PackLoader:240 - Cannot read IP mode file for STMicroelectronics.FP-SNS-FLIGHT1.5.0.2
2023-10-19 02:29:51,343 [WARN] PackLoader:240 - Cannot read IP mode file for STMicroelectronics.X-CUBE-DISPLAY.3.0.0
2023-10-19 02:29:51,354 [WARN] PackLoader:240 - Cannot read IP mode file for STMicroelectronics.X-CUBE-BLE1.7.0.0
2023-10-19 02:29:51,357 [WARN] PackLoader:240 - Cannot read IP mode file for emotas.I-CUBE-CANOPEN.1.3.0
2023-10-19 02:29:51,361 [WARN] PackLoader:240 - Cannot read IP mode file for STMicroelectronics.X-CUBE-TOUCHGFX.4.22.1
2023-10-19 02:29:51,363 [WARN] PackLoader:240 - Cannot read IP mode file for STMicroelectronics.FP-SNS-SMARTAG2.1.2.0
2023-10-19 02:29:51,371 [INFO] LogOutputStream:77 - [STDOUT_REDIRECT] 1 : Invalid condition id : UX_CORESTACK_Condition cause : null
2023-10-19 02:29:51,372 [INFO] LogOutputStream:77 - [STDOUT_REDIRECT] 1 : Invalid condition id : UX_CORESTACK_Condition cause : null
2023-10-19 02:29:51,372 [INFO] LogOutputStream:77 - [STDOUT_REDIRECT] 1 : Invalid condition id : UX_CORESTACK_Condition cause : null
2023-10-19 02:29:51,372 [INFO] LogOutputStream:77 - [STDOUT_REDIRECT] 1 : Invalid condition id : UX_CORESTACK_Condition cause : null
2023-10-19 02:29:51,373 [INFO] LogOutputStream:77 - [STDOUT_REDIRECT] 1 : Invalid condition id : UX_CORESTACK_Condition cause : null
2023-10-19 02:29:51,376 [WARN] PackLoader:240 - Cannot read IP mode file for STMicroelectronics.X-CUBE-AZRTOS-WL.2.0.0
2023-10-19 02:29:51,382 [WARN] PackLoader:240 - Cannot read IP mode file for WES.I-CUBE-Cesium.1.3.0
2023-10-19 02:29:51,385 [WARN] PackLoader:240 - Cannot read IP mode file for STMicroelectronics.X-CUBE-BLE2.3.3.0
2023-10-19 02:29:51,389 [WARN] PackLoader:240 - Cannot read IP mode file for STMicroelectronics.X-CUBE-ALGOBUILD.1.3.0
2023-10-19 02:29:51,409 [WARN] PackLoader:240 - Cannot read IP mode file for STMicroelectronics.X-CUBE-AZRTOS-G0.1.1.0
2023-10-19 02:29:51,418 [WARN] PackLoader:240 - Cannot read IP mode file for STMicroelectronics.X-CUBE-NFC4.3.0.0
2023-10-19 02:29:51,422 [WARN] PackLoader:240 - Cannot read IP mode file for STMicroelectronics.FP-ATR-SIGFOX1.3.2.0
2023-10-19 02:29:51,449 [WARN] PackLoader:240 - Cannot read IP mode file for SEGGER.I-CUBE-embOS.1.3.1
2023-10-19 02:29:51,487 [WARN] PackLoader:240 - Cannot read IP mode file for STMicroelectronics.X-CUBE-GNSS1.6.0.0
2023-10-19 02:29:51,512 [WARN] PackLoader:240 - Cannot read IP mode file for STMicroelectronics.X-CUBE-AZRTOS-F4.1.1.0
2023-10-19 02:29:51,519 [WARN] PackLoader:240 - Cannot read IP mode file for wolfSSL.I-CUBE-wolfSSL.5.6.3
2023-10-19 02:29:51,537 [WARN] PackLoader:240 - Cannot read IP mode file for STMicroelectronics.X-CUBE-AZRTOS-L5.2.0.0
2023-10-19 02:29:51,569 [WARN] PackLoader:240 - Cannot read IP mode file for STMicroelectronics.X-CUBE-MEMS1.9.6.0
2023-10-19 02:29:51,728 [WARN] PackLoader:240 - Cannot read IP mode file for ITTIA_DB.I-CUBE-ITTIADB.8.8.0
2023-10-19 02:29:51,738 [WARN] PackLoader:240 - Cannot read IP mode file for STMicroelectronics.X-CUBE-BLEMGR.2.0.0
2023-10-19 02:29:51,754 [WARN] ConditionMgr:438 - getConditionDescription Invalid condition id : UX DEVICE CLASS RTOS Condition cause : null
2023-10-19 02:29:51,754 [WARN] ConditionMgr:438 - getConditionDescription Invalid condition id : UX DEVICE CLASS RTOS Condition cause : null
2023-10-19 02:29:51,760 [WARN] PackLoader:240 - Cannot read IP mode file for STMicroelectronics.X-CUBE-AZRTOS-H7.3.1.0
2023-10-19 02:29:51,761 [WARN] ConditionMgr:1039 - genDependencies : Invalid condition id : UX DEVICE CLASS RTOS Condition cause : null
2023-10-19 02:29:51,761 [WARN] ConditionMgr:1039 - genDependencies : Invalid condition id : UX DEVICE CLASS RTOS Condition cause : null
2023-10-19 02:29:51,762 [WARN] ConditionMgr:1039 - genDependencies : Invalid condition id : UX DEVICE CLASS RTOS Condition cause : null
2023-10-19 02:29:51,762 [WARN] ConditionMgr:1039 - genDependencies : Invalid condition id : UX DEVICE CLASS RTOS Condition cause : null
2023-10-19 02:29:51,762 [WARN] ConditionMgr:1039 - genDependencies : Invalid condition id : UX DEVICE CLASS RTOS Condition cause : null
2023-10-19 02:29:51,766 [WARN] PackLoader:240 - Cannot read IP mode file for STMicroelectronics.X-CUBE-NFC7.1.0.1
2023-10-19 02:29:51,770 [WARN] PackLoader:240 - Cannot read IP mode file for STMicroelectronics.X-CUBE-NFC6.3.0.0
2023-10-19 02:29:51,774 [WARN] PackLoader:240 - Cannot read IP mode file for STMicroelectronics.X-CUBE-EEPRMA1.4.1.0
2023-10-19 02:29:51,777 [WARN] PackLoader:240 - Cannot read IP mode file for STMicroelectronics.X-CUBE-AI.8.1.0
2023-10-19 02:29:51,789 [WARN] ConditionMgr:438 - getConditionDescription Invalid condition id : LAN8742 Phy interface Condition cause : null
2023-10-19 02:29:51,789 [WARN] PackLoader:240 - Cannot read IP mode file for STMicroelectronics.X-CUBE-AZRTOS-L4.2.0.0
2023-10-19 02:29:51,790 [WARN] ConditionMgr:1039 - genDependencies : Invalid condition id : LAN8742 Phy interface Condition cause : null
2023-10-19 02:29:51,790 [WARN] ConditionMgr:1039 - genDependencies : Invalid condition id : LAN8742 Phy interface Condition cause : null
2023-10-19 02:29:51,791 [WARN] ConditionMgr:1039 - genDependencies : Invalid condition id : LAN8742 Phy interface Condition cause : null
2023-10-19 02:29:51,795 [WARN] PackLoader:240 - Cannot read IP mode file for STMicroelectronics.X-CUBE-SFXS2LP1.4.0.0
2023-10-19 02:29:51,798 [WARN] PackLoader:240 - Cannot read IP mode file for STMicroelectronics.X-CUBE-ISPU.1.1.0
2023-10-19 02:29:51,806 [WARN] ConditionMgr:438 - getConditionDescription Invalid condition id : UX DEVICE CLASS RTOS Condition cause : null
2023-10-19 02:29:51,806 [WARN] ConditionMgr:438 - getConditionDescription Invalid condition id : UX DEVICE CLASS RTOS Condition cause : null
2023-10-19 02:29:51,807 [WARN] PackLoader:240 - Cannot read IP mode file for STMicroelectronics.X-CUBE-AZRTOS-WB.2.0.0
2023-10-19 02:29:51,808 [WARN] ConditionMgr:1039 - genDependencies : Invalid condition id : UX DEVICE CLASS RTOS Condition cause : null
2023-10-19 02:29:51,808 [WARN] ConditionMgr:1039 - genDependencies : Invalid condition id : UX DEVICE CLASS RTOS Condition cause : null
2023-10-19 02:29:51,808 [WARN] ConditionMgr:1039 - genDependencies : Invalid condition id : UX DEVICE CLASS RTOS Condition cause : null
2023-10-19 02:29:51,809 [WARN] ConditionMgr:1039 - genDependencies : Invalid condition id : UX DEVICE CLASS RTOS Condition cause : null
2023-10-19 02:29:51,809 [WARN] ConditionMgr:1039 - genDependencies : Invalid condition id : UX DEVICE CLASS RTOS Condition cause : null
2023-10-19 02:29:51,815 [WARN] PackLoader:240 - Cannot read IP mode file for STMicroelectronics.X-CUBE-SUBG2.5.0.0
2023-10-19 02:29:51,825 [WARN] PackLoader:240 - Cannot read IP mode file for STMicroelectronics.X-CUBE-TOF1.3.3.1
2023-10-19 02:29:51,841 [WARN] PackLoader:240 - Cannot read IP mode file for STMicroelectronics.X-CUBE-AZRTOS-G4.2.0.0
2023-10-19 02:29:51,849 [WARN] PackLoader:240 - Cannot read IP mode file for Infineon.AIROC-Wi-Fi-Bluetooth-STM32.1.5.1
2023-10-19 02:29:51,854 [WARN] PackLoader:240 - Cannot read IP mode file for STMicroelectronics.X-CUBE-FREERTOS.1.1.0
2023-10-19 02:29:51,857 [WARN] PackLoader:240 - Cannot read IP mode file for portGmbH.I-Cube-SoM-uGOAL.1.1.0
2023-10-19 02:29:51,859 [WARN] PackLoader:240 - Cannot read IP mode file for STMicroelectronics.X-CUBE-ALS.1.0.1
2023-10-19 02:29:51,861 [WARN] PackLoader:240 - Cannot read IP mode file for STMicroelectronics.FP-ATR-ASTRA1.2.0.0
2023-10-19 02:29:51,861 [INFO] ThirdParty:978 - Integrity check success = true
2023-10-19 02:29:51,862 [INFO] IntegrityCheckThread:100 - exiting critical section [integrity check]
2023-10-19 02:29:51,862 [INFO] IntegrityCheckThread:103 - End integrity checks thread
2023-10-19 02:30:10,347 [ERROR] LogOutputStream:75 - [STDERR_REDIRECT] SLF4J: Failed to load class "org.slf4j.impl.StaticLoggerBinder".
2023-10-19 02:30:10,347 [ERROR] LogOutputStream:75 - [STDERR_REDIRECT] SLF4J: Defaulting to no-operation (NOP) logger implementation
2023-10-19 02:30:10,348 [ERROR] LogOutputStream:75 - [STDERR_REDIRECT] SLF4J: See http://www.slf4j.org/codes.html#StaticLoggerBinder for further details.
